Start testing: Mar 12 18:42 UTC
----------------------------------------------------------
1/23 Testing: Pivot.Empty
1/23 Test: Pivot.Empty
Command: "/usr/bin/valgrind" "--tool=memcheck" "--leak-check=yes" "--trace-children=no" "--error-exitcode=113" "/home/codio/workspace/hw3/hw3_tests/llrec_tests/llrec_tests" "--gtest_filter=Pivot.Empty"
Directory: /home/codio/workspace/hw3/hw3_tests/llrec_tests
"Pivot.Empty" start time: Mar 12 18:42 UTC
Output:
----------------------------------------------------------
==2845== Memcheck, a memory error detector
==2845== Copyright (C) 2002-2017, and GNU GPL'd, by Julian Seward et al.
==2845== Using Valgrind-3.13.0 and LibVEX; rerun with -h for copyright info
==2845== Command: /home/codio/workspace/hw3/hw3_tests/llrec_tests/llrec_tests --gtest_filter=Pivot.Empty
==2845== 
Running main() from /home/codio/googletest/googletest/src/gtest_main.cc
Note: Google Test filter = Pivot.Empty
[==========] Running 1 test from 1 test suite.
[----------] Global test environment set-up.
[----------] 1 test from Pivot
[ RUN      ] Pivot.Empty
[       OK ] Pivot.Empty (26 ms)
[----------] 1 test from Pivot (39 ms total)

[----------] Global test environment tear-down
[==========] 1 test from 1 test suite ran. (108 ms total)
[  PASSED  ] 1 test.
==2845== 
==2845== HEAP SUMMARY:
==2845==     in use at exit: 0 bytes in 0 blocks
==2845==   total heap usage: 404 allocs, 404 frees, 133,083 bytes allocated
==2845== 
==2845== All heap blocks were freed -- no leaks are possible
==2845== 
==2845== For counts of detected and suppressed errors, rerun with: -v
==2845== ERROR SUMMARY: 0 errors from 0 contexts (suppressed: 0 from 0)
<end of output>
Test time =   2.05 sec
----------------------------------------------------------
Test Passed.
"Pivot.Empty" end time: Mar 12 18:42 UTC
"Pivot.Empty" time elapsed: 00:00:02
----------------------------------------------------------

2/23 Testing: Pivot.Size1SmallEmpty
2/23 Test: Pivot.Size1SmallEmpty
Command: "/usr/bin/valgrind" "--tool=memcheck" "--leak-check=yes" "--trace-children=no" "--error-exitcode=113" "/home/codio/workspace/hw3/hw3_tests/llrec_tests/llrec_tests" "--gtest_filter=Pivot.Size1SmallEmpty"
Directory: /home/codio/workspace/hw3/hw3_tests/llrec_tests
"Pivot.Size1SmallEmpty" start time: Mar 12 18:42 UTC
Output:
----------------------------------------------------------
==2846== Memcheck, a memory error detector
==2846== Copyright (C) 2002-2017, and GNU GPL'd, by Julian Seward et al.
==2846== Using Valgrind-3.13.0 and LibVEX; rerun with -h for copyright info
==2846== Command: /home/codio/workspace/hw3/hw3_tests/llrec_tests/llrec_tests --gtest_filter=Pivot.Size1SmallEmpty
==2846== 
Running main() from /home/codio/googletest/googletest/src/gtest_main.cc
Note: Google Test filter = Pivot.Size1SmallEmpty
[==========] Running 1 test from 1 test suite.
[----------] Global test environment set-up.
[----------] 1 test from Pivot
[ RUN      ] Pivot.Size1SmallEmpty
[       OK ] Pivot.Size1SmallEmpty (49 ms)
[----------] 1 test from Pivot (62 ms total)

[----------] Global test environment tear-down
[==========] 1 test from 1 test suite ran. (137 ms total)
[  PASSED  ] 1 test.
==2846== 
==2846== HEAP SUMMARY:
==2846==     in use at exit: 0 bytes in 0 blocks
==2846==   total heap usage: 413 allocs, 413 frees, 133,328 bytes allocated
==2846== 
==2846== All heap blocks were freed -- no leaks are possible
==2846== 
==2846== For counts of detected and suppressed errors, rerun with: -v
==2846== ERROR SUMMARY: 0 errors from 0 contexts (suppressed: 0 from 0)
<end of output>
Test time =   2.21 sec
----------------------------------------------------------
Test Passed.
"Pivot.Size1SmallEmpty" end time: Mar 12 18:42 UTC
"Pivot.Size1SmallEmpty" time elapsed: 00:00:02
----------------------------------------------------------

3/23 Testing: Pivot.Size1LargeEmpty
3/23 Test: Pivot.Size1LargeEmpty
Command: "/usr/bin/valgrind" "--tool=memcheck" "--leak-check=yes" "--trace-children=no" "--error-exitcode=113" "/home/codio/workspace/hw3/hw3_tests/llrec_tests/llrec_tests" "--gtest_filter=Pivot.Size1LargeEmpty"
Directory: /home/codio/workspace/hw3/hw3_tests/llrec_tests
"Pivot.Size1LargeEmpty" start time: Mar 12 18:42 UTC
Output:
----------------------------------------------------------
==2847== Memcheck, a memory error detector
==2847== Copyright (C) 2002-2017, and GNU GPL'd, by Julian Seward et al.
==2847== Using Valgrind-3.13.0 and LibVEX; rerun with -h for copyright info
==2847== Command: /home/codio/workspace/hw3/hw3_tests/llrec_tests/llrec_tests --gtest_filter=Pivot.Size1LargeEmpty
==2847== 
Running main() from /home/codio/googletest/googletest/src/gtest_main.cc
Note: Google Test filter = Pivot.Size1LargeEmpty
[==========] Running 1 test from 1 test suite.
[----------] Global test environment set-up.
[----------] 1 test from Pivot
[ RUN      ] Pivot.Size1LargeEmpty
[       OK ] Pivot.Size1LargeEmpty (33 ms)
[----------] 1 test from Pivot (43 ms total)

[----------] Global test environment tear-down
[==========] 1 test from 1 test suite ran. (97 ms total)
[  PASSED  ] 1 test.
==2847== 
==2847== HEAP SUMMARY:
==2847==     in use at exit: 0 bytes in 0 blocks
==2847==   total heap usage: 413 allocs, 413 frees, 133,328 bytes allocated
==2847== 
==2847== All heap blocks were freed -- no leaks are possible
==2847== 
==2847== For counts of detected and suppressed errors, rerun with: -v
==2847== ERROR SUMMARY: 0 errors from 0 contexts (suppressed: 0 from 0)
<end of output>
Test time =   1.82 sec
----------------------------------------------------------
Test Passed.
"Pivot.Size1LargeEmpty" end time: Mar 12 18:42 UTC
"Pivot.Size1LargeEmpty" time elapsed: 00:00:01
----------------------------------------------------------

4/23 Testing: Pivot.Size2SmallLarge
4/23 Test: Pivot.Size2SmallLarge
Command: "/usr/bin/valgrind" "--tool=memcheck" "--leak-check=yes" "--trace-children=no" "--error-exitcode=113" "/home/codio/workspace/hw3/hw3_tests/llrec_tests/llrec_tests" "--gtest_filter=Pivot.Size2SmallLarge"
Directory: /home/codio/workspace/hw3/hw3_tests/llrec_tests
"Pivot.Size2SmallLarge" start time: Mar 12 18:42 UTC
Output:
----------------------------------------------------------
==2848== Memcheck, a memory error detector
==2848== Copyright (C) 2002-2017, and GNU GPL'd, by Julian Seward et al.
==2848== Using Valgrind-3.13.0 and LibVEX; rerun with -h for copyright info
==2848== Command: /home/codio/workspace/hw3/hw3_tests/llrec_tests/llrec_tests --gtest_filter=Pivot.Size2SmallLarge
==2848== 
Running main() from /home/codio/googletest/googletest/src/gtest_main.cc
Note: Google Test filter = Pivot.Size2SmallLarge
[==========] Running 1 test from 1 test suite.
[----------] Global test environment set-up.
[----------] 1 test from Pivot
[ RUN      ] Pivot.Size2SmallLarge
[       OK ] Pivot.Size2SmallLarge (34 ms)
[----------] 1 test from Pivot (44 ms total)

[----------] Global test environment tear-down
[==========] 1 test from 1 test suite ran. (99 ms total)
[  PASSED  ] 1 test.
==2848== 
==2848== HEAP SUMMARY:
==2848==     in use at exit: 0 bytes in 0 blocks
==2848==   total heap usage: 415 allocs, 415 frees, 133,352 bytes allocated
==2848== 
==2848== All heap blocks were freed -- no leaks are possible
==2848== 
==2848== For counts of detected and suppressed errors, rerun with: -v
==2848== ERROR SUMMARY: 0 errors from 0 contexts (suppressed: 0 from 0)
<end of output>
Test time =   1.62 sec
----------------------------------------------------------
Test Passed.
"Pivot.Size2SmallLarge" end time: Mar 12 18:42 UTC
"Pivot.Size2SmallLarge" time elapsed: 00:00:01
----------------------------------------------------------

5/23 Testing: Pivot.Size2LargeSmall
5/23 Test: Pivot.Size2LargeSmall
Command: "/usr/bin/valgrind" "--tool=memcheck" "--leak-check=yes" "--trace-children=no" "--error-exitcode=113" "/home/codio/workspace/hw3/hw3_tests/llrec_tests/llrec_tests" "--gtest_filter=Pivot.Size2LargeSmall"
Directory: /home/codio/workspace/hw3/hw3_tests/llrec_tests
"Pivot.Size2LargeSmall" start time: Mar 12 18:42 UTC
Output:
----------------------------------------------------------
==2849== Memcheck, a memory error detector
==2849== Copyright (C) 2002-2017, and GNU GPL'd, by Julian Seward et al.
==2849== Using Valgrind-3.13.0 and LibVEX; rerun with -h for copyright info
==2849== Command: /home/codio/workspace/hw3/hw3_tests/llrec_tests/llrec_tests --gtest_filter=Pivot.Size2LargeSmall
==2849== 
Running main() from /home/codio/googletest/googletest/src/gtest_main.cc
Note: Google Test filter = Pivot.Size2LargeSmall
[==========] Running 1 test from 1 test suite.
[----------] Global test environment set-up.
[----------] 1 test from Pivot
[ RUN      ] Pivot.Size2LargeSmall
[       OK ] Pivot.Size2LargeSmall (42 ms)
[----------] 1 test from Pivot (55 ms total)

[----------] Global test environment tear-down
[==========] 1 test from 1 test suite ran. (119 ms total)
[  PASSED  ] 1 test.
==2849== 
==2849== HEAP SUMMARY:
==2849==     in use at exit: 0 bytes in 0 blocks
==2849==   total heap usage: 415 allocs, 415 frees, 133,352 bytes allocated
==2849== 
==2849== All heap blocks were freed -- no leaks are possible
==2849== 
==2849== For counts of detected and suppressed errors, rerun with: -v
==2849== ERROR SUMMARY: 0 errors from 0 contexts (suppressed: 0 from 0)
<end of output>
Test time =   1.81 sec
----------------------------------------------------------
Test Passed.
"Pivot.Size2LargeSmall" end time: Mar 12 18:42 UTC
"Pivot.Size2LargeSmall" time elapsed: 00:00:01
----------------------------------------------------------

6/23 Testing: Pivot.Size3LargeSmallLarge
6/23 Test: Pivot.Size3LargeSmallLarge
Command: "/usr/bin/valgrind" "--tool=memcheck" "--leak-check=yes" "--trace-children=no" "--error-exitcode=113" "/home/codio/workspace/hw3/hw3_tests/llrec_tests/llrec_tests" "--gtest_filter=Pivot.Size3LargeSmallLarge"
Directory: /home/codio/workspace/hw3/hw3_tests/llrec_tests
"Pivot.Size3LargeSmallLarge" start time: Mar 12 18:42 UTC
Output:
----------------------------------------------------------
==2850== Memcheck, a memory error detector
==2850== Copyright (C) 2002-2017, and GNU GPL'd, by Julian Seward et al.
==2850== Using Valgrind-3.13.0 and LibVEX; rerun with -h for copyright info
==2850== Command: /home/codio/workspace/hw3/hw3_tests/llrec_tests/llrec_tests --gtest_filter=Pivot.Size3LargeSmallLarge
==2850== 
Running main() from /home/codio/googletest/googletest/src/gtest_main.cc
Note: Google Test filter = Pivot.Size3LargeSmallLarge
[==========] Running 1 test from 1 test suite.
[----------] Global test environment set-up.
[----------] 1 test from Pivot
[ RUN      ] Pivot.Size3LargeSmallLarge
[       OK ] Pivot.Size3LargeSmallLarge (36 ms)
[----------] 1 test from Pivot (48 ms total)

[----------] Global test environment tear-down
[==========] 1 test from 1 test suite ran. (118 ms total)
[  PASSED  ] 1 test.
==2850== 
==2850== HEAP SUMMARY:
==2850==     in use at exit: 0 bytes in 0 blocks
==2850==   total heap usage: 416 allocs, 416 frees, 133,426 bytes allocated
==2850== 
==2850== All heap blocks were freed -- no leaks are possible
==2850== 
==2850== For counts of detected and suppressed errors, rerun with: -v
==2850== ERROR SUMMARY: 0 errors from 0 contexts (suppressed: 0 from 0)
<end of output>
Test time =   1.89 sec
----------------------------------------------------------
Test Passed.
"Pivot.Size3LargeSmallLarge" end time: Mar 12 18:42 UTC
"Pivot.Size3LargeSmallLarge" time elapsed: 00:00:01
----------------------------------------------------------

7/23 Testing: Pivot.Size3SmallLargeSmall
7/23 Test: Pivot.Size3SmallLargeSmall
Command: "/usr/bin/valgrind" "--tool=memcheck" "--leak-check=yes" "--trace-children=no" "--error-exitcode=113" "/home/codio/workspace/hw3/hw3_tests/llrec_tests/llrec_tests" "--gtest_filter=Pivot.Size3SmallLargeSmall"
Directory: /home/codio/workspace/hw3/hw3_tests/llrec_tests
"Pivot.Size3SmallLargeSmall" start time: Mar 12 18:42 UTC
Output:
----------------------------------------------------------
==2851== Memcheck, a memory error detector
==2851== Copyright (C) 2002-2017, and GNU GPL'd, by Julian Seward et al.
==2851== Using Valgrind-3.13.0 and LibVEX; rerun with -h for copyright info
==2851== Command: /home/codio/workspace/hw3/hw3_tests/llrec_tests/llrec_tests --gtest_filter=Pivot.Size3SmallLargeSmall
==2851== 
Running main() from /home/codio/googletest/googletest/src/gtest_main.cc
Note: Google Test filter = Pivot.Size3SmallLargeSmall
[==========] Running 1 test from 1 test suite.
[----------] Global test environment set-up.
[----------] 1 test from Pivot
[ RUN      ] Pivot.Size3SmallLargeSmall
[       OK ] Pivot.Size3SmallLargeSmall (36 ms)
[----------] 1 test from Pivot (47 ms total)

[----------] Global test environment tear-down
[==========] 1 test from 1 test suite ran. (105 ms total)
[  PASSED  ] 1 test.
==2851== 
==2851== HEAP SUMMARY:
==2851==     in use at exit: 0 bytes in 0 blocks
==2851==   total heap usage: 416 allocs, 416 frees, 133,426 bytes allocated
==2851== 
==2851== All heap blocks were freed -- no leaks are possible
==2851== 
==2851== For counts of detected and suppressed errors, rerun with: -v
==2851== ERROR SUMMARY: 0 errors from 0 contexts (suppressed: 0 from 0)
<end of output>
Test time =   1.81 sec
----------------------------------------------------------
Test Passed.
"Pivot.Size3SmallLargeSmall" end time: Mar 12 18:42 UTC
"Pivot.Size3SmallLargeSmall" time elapsed: 00:00:01
----------------------------------------------------------

8/23 Testing: Pivot.Size3LargeLargeSmall
8/23 Test: Pivot.Size3LargeLargeSmall
Command: "/usr/bin/valgrind" "--tool=memcheck" "--leak-check=yes" "--trace-children=no" "--error-exitcode=113" "/home/codio/workspace/hw3/hw3_tests/llrec_tests/llrec_tests" "--gtest_filter=Pivot.Size3LargeLargeSmall"
Directory: /home/codio/workspace/hw3/hw3_tests/llrec_tests
"Pivot.Size3LargeLargeSmall" start time: Mar 12 18:42 UTC
Output:
----------------------------------------------------------
==2852== Memcheck, a memory error detector
==2852== Copyright (C) 2002-2017, and GNU GPL'd, by Julian Seward et al.
==2852== Using Valgrind-3.13.0 and LibVEX; rerun with -h for copyright info
==2852== Command: /home/codio/workspace/hw3/hw3_tests/llrec_tests/llrec_tests --gtest_filter=Pivot.Size3LargeLargeSmall
==2852== 
Running main() from /home/codio/googletest/googletest/src/gtest_main.cc
Note: Google Test filter = Pivot.Size3LargeLargeSmall
[==========] Running 1 test from 1 test suite.
[----------] Global test environment set-up.
[----------] 1 test from Pivot
[ RUN      ] Pivot.Size3LargeLargeSmall
[       OK ] Pivot.Size3LargeLargeSmall (37 ms)
[----------] 1 test from Pivot (48 ms total)

[----------] Global test environment tear-down
[==========] 1 test from 1 test suite ran. (106 ms total)
[  PASSED  ] 1 test.
==2852== 
==2852== HEAP SUMMARY:
==2852==     in use at exit: 0 bytes in 0 blocks
==2852==   total heap usage: 416 allocs, 416 frees, 133,426 bytes allocated
==2852== 
==2852== All heap blocks were freed -- no leaks are possible
==2852== 
==2852== For counts of detected and suppressed errors, rerun with: -v
==2852== ERROR SUMMARY: 0 errors from 0 contexts (suppressed: 0 from 0)
<end of output>
Test time =   1.88 sec
----------------------------------------------------------
Test Passed.
"Pivot.Size3LargeLargeSmall" end time: Mar 12 18:42 UTC
"Pivot.Size3LargeLargeSmall" time elapsed: 00:00:01
----------------------------------------------------------

9/23 Testing: Pivot.Size6SmallThenLarge
9/23 Test: Pivot.Size6SmallThenLarge
Command: "/usr/bin/valgrind" "--tool=memcheck" "--leak-check=yes" "--trace-children=no" "--error-exitcode=113" "/home/codio/workspace/hw3/hw3_tests/llrec_tests/llrec_tests" "--gtest_filter=Pivot.Size6SmallThenLarge"
Directory: /home/codio/workspace/hw3/hw3_tests/llrec_tests
"Pivot.Size6SmallThenLarge" start time: Mar 12 18:42 UTC
Output:
----------------------------------------------------------
==2853== Memcheck, a memory error detector
==2853== Copyright (C) 2002-2017, and GNU GPL'd, by Julian Seward et al.
==2853== Using Valgrind-3.13.0 and LibVEX; rerun with -h for copyright info
==2853== Command: /home/codio/workspace/hw3/hw3_tests/llrec_tests/llrec_tests --gtest_filter=Pivot.Size6SmallThenLarge
==2853== 
Running main() from /home/codio/googletest/googletest/src/gtest_main.cc
Note: Google Test filter = Pivot.Size6SmallThenLarge
[==========] Running 1 test from 1 test suite.
[----------] Global test environment set-up.
[----------] 1 test from Pivot
[ RUN      ] Pivot.Size6SmallThenLarge
[       OK ] Pivot.Size6SmallThenLarge (35 ms)
[----------] 1 test from Pivot (48 ms total)

[----------] Global test environment tear-down
[==========] 1 test from 1 test suite ran. (120 ms total)
[  PASSED  ] 1 test.
==2853== 
==2853== HEAP SUMMARY:
==2853==     in use at exit: 0 bytes in 0 blocks
==2853==   total heap usage: 419 allocs, 419 frees, 133,488 bytes allocated
==2853== 
==2853== All heap blocks were freed -- no leaks are possible
==2853== 
==2853== For counts of detected and suppressed errors, rerun with: -v
==2853== ERROR SUMMARY: 0 errors from 0 contexts (suppressed: 0 from 0)
<end of output>
Test time =   1.72 sec
----------------------------------------------------------
Test Passed.
"Pivot.Size6SmallThenLarge" end time: Mar 12 18:42 UTC
"Pivot.Size6SmallThenLarge" time elapsed: 00:00:01
----------------------------------------------------------

10/23 Testing: Pivot.Size6LargeThenSmall
10/23 Test: Pivot.Size6LargeThenSmall
Command: "/usr/bin/valgrind" "--tool=memcheck" "--leak-check=yes" "--trace-children=no" "--error-exitcode=113" "/home/codio/workspace/hw3/hw3_tests/llrec_tests/llrec_tests" "--gtest_filter=Pivot.Size6LargeThenSmall"
Directory: /home/codio/workspace/hw3/hw3_tests/llrec_tests
"Pivot.Size6LargeThenSmall" start time: Mar 12 18:42 UTC
Output:
----------------------------------------------------------
==2854== Memcheck, a memory error detector
==2854== Copyright (C) 2002-2017, and GNU GPL'd, by Julian Seward et al.
==2854== Using Valgrind-3.13.0 and LibVEX; rerun with -h for copyright info
==2854== Command: /home/codio/workspace/hw3/hw3_tests/llrec_tests/llrec_tests --gtest_filter=Pivot.Size6LargeThenSmall
==2854== 
Running main() from /home/codio/googletest/googletest/src/gtest_main.cc
Note: Google Test filter = Pivot.Size6LargeThenSmall
[==========] Running 1 test from 1 test suite.
[----------] Global test environment set-up.
[----------] 1 test from Pivot
[ RUN      ] Pivot.Size6LargeThenSmall
[       OK ] Pivot.Size6LargeThenSmall (34 ms)
[----------] 1 test from Pivot (46 ms total)

[----------] Global test environment tear-down
[==========] 1 test from 1 test suite ran. (106 ms total)
[  PASSED  ] 1 test.
==2854== 
==2854== HEAP SUMMARY:
==2854==     in use at exit: 0 bytes in 0 blocks
==2854==   total heap usage: 419 allocs, 419 frees, 133,488 bytes allocated
==2854== 
==2854== All heap blocks were freed -- no leaks are possible
==2854== 
==2854== For counts of detected and suppressed errors, rerun with: -v
==2854== ERROR SUMMARY: 0 errors from 0 contexts (suppressed: 0 from 0)
<end of output>
Test time =   1.64 sec
----------------------------------------------------------
Test Passed.
"Pivot.Size6LargeThenSmall" end time: Mar 12 18:42 UTC
"Pivot.Size6LargeThenSmall" time elapsed: 00:00:01
----------------------------------------------------------

11/23 Testing: Pivot.Nominal
11/23 Test: Pivot.Nominal
Command: "/usr/bin/valgrind" "--tool=memcheck" "--leak-check=yes" "--trace-children=no" "--error-exitcode=113" "/home/codio/workspace/hw3/hw3_tests/llrec_tests/llrec_tests" "--gtest_filter=Pivot.Nominal"
Directory: /home/codio/workspace/hw3/hw3_tests/llrec_tests
"Pivot.Nominal" start time: Mar 12 18:42 UTC
Output:
----------------------------------------------------------
==2855== Memcheck, a memory error detector
==2855== Copyright (C) 2002-2017, and GNU GPL'd, by Julian Seward et al.
==2855== Using Valgrind-3.13.0 and LibVEX; rerun with -h for copyright info
==2855== Command: /home/codio/workspace/hw3/hw3_tests/llrec_tests/llrec_tests --gtest_filter=Pivot.Nominal
==2855== 
Running main() from /home/codio/googletest/googletest/src/gtest_main.cc
Note: Google Test filter = Pivot.Nominal
[==========] Running 1 test from 1 test suite.
[----------] Global test environment set-up.
[----------] 1 test from Pivot
[ RUN      ] Pivot.Nominal
[       OK ] Pivot.Nominal (35 ms)
[----------] 1 test from Pivot (45 ms total)

[----------] Global test environment tear-down
[==========] 1 test from 1 test suite ran. (101 ms total)
[  PASSED  ] 1 test.
==2855== 
==2855== HEAP SUMMARY:
==2855==     in use at exit: 0 bytes in 0 blocks
==2855==   total heap usage: 411 allocs, 411 frees, 133,189 bytes allocated
==2855== 
==2855== All heap blocks were freed -- no leaks are possible
==2855== 
==2855== For counts of detected and suppressed errors, rerun with: -v
==2855== ERROR SUMMARY: 0 errors from 0 contexts (suppressed: 0 from 0)
<end of output>
Test time =   1.65 sec
----------------------------------------------------------
Test Passed.
"Pivot.Nominal" end time: Mar 12 18:42 UTC
"Pivot.Nominal" time elapsed: 00:00:01
----------------------------------------------------------

12/23 Testing: Pivot.SameValues
12/23 Test: Pivot.SameValues
Command: "/usr/bin/valgrind" "--tool=memcheck" "--leak-check=yes" "--trace-children=no" "--error-exitcode=113" "/home/codio/workspace/hw3/hw3_tests/llrec_tests/llrec_tests" "--gtest_filter=Pivot.SameValues"
Directory: /home/codio/workspace/hw3/hw3_tests/llrec_tests
"Pivot.SameValues" start time: Mar 12 18:42 UTC
Output:
----------------------------------------------------------
==2856== Memcheck, a memory error detector
==2856== Copyright (C) 2002-2017, and GNU GPL'd, by Julian Seward et al.
==2856== Using Valgrind-3.13.0 and LibVEX; rerun with -h for copyright info
==2856== Command: /home/codio/workspace/hw3/hw3_tests/llrec_tests/llrec_tests --gtest_filter=Pivot.SameValues
==2856== 
Running main() from /home/codio/googletest/googletest/src/gtest_main.cc
Note: Google Test filter = Pivot.SameValues
[==========] Running 1 test from 1 test suite.
[----------] Global test environment set-up.
[----------] 1 test from Pivot
[ RUN      ] Pivot.SameValues
[       OK ] Pivot.SameValues (37 ms)
[----------] 1 test from Pivot (48 ms total)

[----------] Global test environment tear-down
[==========] 1 test from 1 test suite ran. (105 ms total)
[  PASSED  ] 1 test.
==2856== 
==2856== HEAP SUMMARY:
==2856==     in use at exit: 0 bytes in 0 blocks
==2856==   total heap usage: 416 allocs, 416 frees, 133,350 bytes allocated
==2856== 
==2856== All heap blocks were freed -- no leaks are possible
==2856== 
==2856== For counts of detected and suppressed errors, rerun with: -v
==2856== ERROR SUMMARY: 0 errors from 0 contexts (suppressed: 0 from 0)
<end of output>
Test time =   1.65 sec
----------------------------------------------------------
Test Passed.
"Pivot.SameValues" end time: Mar 12 18:42 UTC
"Pivot.SameValues" time elapsed: 00:00:01
----------------------------------------------------------

13/23 Testing: Pivot.NoCopySameNodeCheck
13/23 Test: Pivot.NoCopySameNodeCheck
Command: "/usr/bin/valgrind" "--tool=memcheck" "--leak-check=yes" "--trace-children=no" "--error-exitcode=113" "/home/codio/workspace/hw3/hw3_tests/llrec_tests/llrec_tests" "--gtest_filter=Pivot.NoCopySameNodeCheck"
Directory: /home/codio/workspace/hw3/hw3_tests/llrec_tests
"Pivot.NoCopySameNodeCheck" start time: Mar 12 18:42 UTC
Output:
----------------------------------------------------------
==2857== Memcheck, a memory error detector
==2857== Copyright (C) 2002-2017, and GNU GPL'd, by Julian Seward et al.
==2857== Using Valgrind-3.13.0 and LibVEX; rerun with -h for copyright info
==2857== Command: /home/codio/workspace/hw3/hw3_tests/llrec_tests/llrec_tests --gtest_filter=Pivot.NoCopySameNodeCheck
==2857== 
Running main() from /home/codio/googletest/googletest/src/gtest_main.cc
Note: Google Test filter = Pivot.NoCopySameNodeCheck
[==========] Running 1 test from 1 test suite.
[----------] Global test environment set-up.
[----------] 1 test from Pivot
[ RUN      ] Pivot.NoCopySameNodeCheck
[       OK ] Pivot.NoCopySameNodeCheck (52 ms)
[----------] 1 test from Pivot (62 ms total)

[----------] Global test environment tear-down
[==========] 1 test from 1 test suite ran. (119 ms total)
[  PASSED  ] 1 test.
==2857== 
==2857== HEAP SUMMARY:
==2857==     in use at exit: 0 bytes in 0 blocks
==2857==   total heap usage: 420 allocs, 420 frees, 133,496 bytes allocated
==2857== 
==2857== All heap blocks were freed -- no leaks are possible
==2857== 
==2857== For counts of detected and suppressed errors, rerun with: -v
==2857== ERROR SUMMARY: 0 errors from 0 contexts (suppressed: 0 from 0)
<end of output>
Test time =   1.63 sec
----------------------------------------------------------
Test Passed.
"Pivot.NoCopySameNodeCheck" end time: Mar 12 18:42 UTC
"Pivot.NoCopySameNodeCheck" time elapsed: 00:00:01
----------------------------------------------------------

14/23 Testing: Filter.EmptyList
14/23 Test: Filter.EmptyList
Command: "/usr/bin/valgrind" "--tool=memcheck" "--leak-check=yes" "--trace-children=no" "--error-exitcode=113" "/home/codio/workspace/hw3/hw3_tests/llrec_tests/llrec_tests" "--gtest_filter=Filter.EmptyList"
Directory: /home/codio/workspace/hw3/hw3_tests/llrec_tests
"Filter.EmptyList" start time: Mar 12 18:42 UTC
Output:
----------------------------------------------------------
==2858== Memcheck, a memory error detector
==2858== Copyright (C) 2002-2017, and GNU GPL'd, by Julian Seward et al.
==2858== Using Valgrind-3.13.0 and LibVEX; rerun with -h for copyright info
==2858== Command: /home/codio/workspace/hw3/hw3_tests/llrec_tests/llrec_tests --gtest_filter=Filter.EmptyList
==2858== 
Running main() from /home/codio/googletest/googletest/src/gtest_main.cc
Note: Google Test filter = Filter.EmptyList
[==========] Running 1 test from 1 test suite.
[----------] Global test environment set-up.
[----------] 1 test from Filter
[ RUN      ] Filter.EmptyList
[       OK ] Filter.EmptyList (24 ms)
[----------] 1 test from Filter (34 ms total)

[----------] Global test environment tear-down
[==========] 1 test from 1 test suite ran. (89 ms total)
[  PASSED  ] 1 test.
==2858== 
==2858== HEAP SUMMARY:
==2858==     in use at exit: 0 bytes in 0 blocks
==2858==   total heap usage: 410 allocs, 410 frees, 133,254 bytes allocated
==2858== 
==2858== All heap blocks were freed -- no leaks are possible
==2858== 
==2858== For counts of detected and suppressed errors, rerun with: -v
==2858== ERROR SUMMARY: 0 errors from 0 contexts (suppressed: 0 from 0)
<end of output>
Test time =   1.63 sec
----------------------------------------------------------
Test Passed.
"Filter.EmptyList" end time: Mar 12 18:42 UTC
"Filter.EmptyList" time elapsed: 00:00:01
----------------------------------------------------------

15/23 Testing: Filter.Size1_F
15/23 Test: Filter.Size1_F
Command: "/usr/bin/valgrind" "--tool=memcheck" "--leak-check=yes" "--trace-children=no" "--error-exitcode=113" "/home/codio/workspace/hw3/hw3_tests/llrec_tests/llrec_tests" "--gtest_filter=Filter.Size1_F"
Directory: /home/codio/workspace/hw3/hw3_tests/llrec_tests
"Filter.Size1_F" start time: Mar 12 18:42 UTC
Output:
----------------------------------------------------------
==2859== Memcheck, a memory error detector
==2859== Copyright (C) 2002-2017, and GNU GPL'd, by Julian Seward et al.
==2859== Using Valgrind-3.13.0 and LibVEX; rerun with -h for copyright info
==2859== Command: /home/codio/workspace/hw3/hw3_tests/llrec_tests/llrec_tests --gtest_filter=Filter.Size1_F
==2859== 
Running main() from /home/codio/googletest/googletest/src/gtest_main.cc
Note: Google Test filter = Filter.Size1_F
[==========] Running 1 test from 1 test suite.
[----------] Global test environment set-up.
[----------] 1 test from Filter
[ RUN      ] Filter.Size1_F
[       OK ] Filter.Size1_F (32 ms)
[----------] 1 test from Filter (41 ms total)

[----------] Global test environment tear-down
[==========] 1 test from 1 test suite ran. (96 ms total)
[  PASSED  ] 1 test.
==2859== 
==2859== HEAP SUMMARY:
==2859==     in use at exit: 0 bytes in 0 blocks
==2859==   total heap usage: 407 allocs, 407 frees, 133,122 bytes allocated
==2859== 
==2859== All heap blocks were freed -- no leaks are possible
==2859== 
==2859== For counts of detected and suppressed errors, rerun with: -v
==2859== ERROR SUMMARY: 0 errors from 0 contexts (suppressed: 0 from 0)
<end of output>
Test time =   1.63 sec
----------------------------------------------------------
Test Passed.
"Filter.Size1_F" end time: Mar 12 18:42 UTC
"Filter.Size1_F" time elapsed: 00:00:01
----------------------------------------------------------

16/23 Testing: Filter.Size1_nF
16/23 Test: Filter.Size1_nF
Command: "/usr/bin/valgrind" "--tool=memcheck" "--leak-check=yes" "--trace-children=no" "--error-exitcode=113" "/home/codio/workspace/hw3/hw3_tests/llrec_tests/llrec_tests" "--gtest_filter=Filter.Size1_nF"
Directory: /home/codio/workspace/hw3/hw3_tests/llrec_tests
"Filter.Size1_nF" start time: Mar 12 18:42 UTC
Output:
----------------------------------------------------------
==2860== Memcheck, a memory error detector
==2860== Copyright (C) 2002-2017, and GNU GPL'd, by Julian Seward et al.
==2860== Using Valgrind-3.13.0 and LibVEX; rerun with -h for copyright info
==2860== Command: /home/codio/workspace/hw3/hw3_tests/llrec_tests/llrec_tests --gtest_filter=Filter.Size1_nF
==2860== 
Running main() from /home/codio/googletest/googletest/src/gtest_main.cc
Note: Google Test filter = Filter.Size1_nF
[==========] Running 1 test from 1 test suite.
[----------] Global test environment set-up.
[----------] 1 test from Filter
[ RUN      ] Filter.Size1_nF
[       OK ] Filter.Size1_nF (33 ms)
[----------] 1 test from Filter (43 ms total)

[----------] Global test environment tear-down
[==========] 1 test from 1 test suite ran. (99 ms total)
[  PASSED  ] 1 test.
==2860== 
==2860== HEAP SUMMARY:
==2860==     in use at exit: 0 bytes in 0 blocks
==2860==   total heap usage: 408 allocs, 408 frees, 133,131 bytes allocated
==2860== 
==2860== All heap blocks were freed -- no leaks are possible
==2860== 
==2860== For counts of detected and suppressed errors, rerun with: -v
==2860== ERROR SUMMARY: 0 errors from 0 contexts (suppressed: 0 from 0)
<end of output>
Test time =   1.65 sec
----------------------------------------------------------
Test Passed.
"Filter.Size1_nF" end time: Mar 12 18:42 UTC
"Filter.Size1_nF" time elapsed: 00:00:01
----------------------------------------------------------

17/23 Testing: Filter.Size2_F_nF
17/23 Test: Filter.Size2_F_nF
Command: "/usr/bin/valgrind" "--tool=memcheck" "--leak-check=yes" "--trace-children=no" "--error-exitcode=113" "/home/codio/workspace/hw3/hw3_tests/llrec_tests/llrec_tests" "--gtest_filter=Filter.Size2_F_nF"
Directory: /home/codio/workspace/hw3/hw3_tests/llrec_tests
"Filter.Size2_F_nF" start time: Mar 12 18:42 UTC
Output:
----------------------------------------------------------
==2861== Memcheck, a memory error detector
==2861== Copyright (C) 2002-2017, and GNU GPL'd, by Julian Seward et al.
==2861== Using Valgrind-3.13.0 and LibVEX; rerun with -h for copyright info
==2861== Command: /home/codio/workspace/hw3/hw3_tests/llrec_tests/llrec_tests --gtest_filter=Filter.Size2_F_nF
==2861== 
Running main() from /home/codio/googletest/googletest/src/gtest_main.cc
Note: Google Test filter = Filter.Size2_F_nF
[==========] Running 1 test from 1 test suite.
[----------] Global test environment set-up.
[----------] 1 test from Filter
[ RUN      ] Filter.Size2_F_nF
[       OK ] Filter.Size2_F_nF (33 ms)
[----------] 1 test from Filter (43 ms total)

[----------] Global test environment tear-down
[==========] 1 test from 1 test suite ran. (97 ms total)
[  PASSED  ] 1 test.
==2861== 
==2861== HEAP SUMMARY:
==2861==     in use at exit: 0 bytes in 0 blocks
==2861==   total heap usage: 415 allocs, 415 frees, 133,316 bytes allocated
==2861== 
==2861== All heap blocks were freed -- no leaks are possible
==2861== 
==2861== For counts of detected and suppressed errors, rerun with: -v
==2861== ERROR SUMMARY: 0 errors from 0 contexts (suppressed: 0 from 0)
<end of output>
Test time =   1.63 sec
----------------------------------------------------------
Test Passed.
"Filter.Size2_F_nF" end time: Mar 12 18:42 UTC
"Filter.Size2_F_nF" time elapsed: 00:00:01
----------------------------------------------------------

18/23 Testing: Filter.Size2_nF_F
18/23 Test: Filter.Size2_nF_F
Command: "/usr/bin/valgrind" "--tool=memcheck" "--leak-check=yes" "--trace-children=no" "--error-exitcode=113" "/home/codio/workspace/hw3/hw3_tests/llrec_tests/llrec_tests" "--gtest_filter=Filter.Size2_nF_F"
Directory: /home/codio/workspace/hw3/hw3_tests/llrec_tests
"Filter.Size2_nF_F" start time: Mar 12 18:42 UTC
Output:
----------------------------------------------------------
==2862== Memcheck, a memory error detector
==2862== Copyright (C) 2002-2017, and GNU GPL'd, by Julian Seward et al.
==2862== Using Valgrind-3.13.0 and LibVEX; rerun with -h for copyright info
==2862== Command: /home/codio/workspace/hw3/hw3_tests/llrec_tests/llrec_tests --gtest_filter=Filter.Size2_nF_F
==2862== 
Running main() from /home/codio/googletest/googletest/src/gtest_main.cc
Note: Google Test filter = Filter.Size2_nF_F
[==========] Running 1 test from 1 test suite.
[----------] Global test environment set-up.
[----------] 1 test from Filter
[ RUN      ] Filter.Size2_nF_F
[       OK ] Filter.Size2_nF_F (41 ms)
[----------] 1 test from Filter (53 ms total)

[----------] Global test environment tear-down
[==========] 1 test from 1 test suite ran. (111 ms total)
[  PASSED  ] 1 test.
==2862== 
==2862== HEAP SUMMARY:
==2862==     in use at exit: 0 bytes in 0 blocks
==2862==   total heap usage: 414 allocs, 414 frees, 133,308 bytes allocated
==2862== 
==2862== All heap blocks were freed -- no leaks are possible
==2862== 
==2862== For counts of detected and suppressed errors, rerun with: -v
==2862== ERROR SUMMARY: 0 errors from 0 contexts (suppressed: 0 from 0)
<end of output>
Test time =   1.71 sec
----------------------------------------------------------
Test Passed.
"Filter.Size2_nF_F" end time: Mar 12 18:43 UTC
"Filter.Size2_nF_F" time elapsed: 00:00:01
----------------------------------------------------------

19/23 Testing: Filter.Size3_nF_F_nF
19/23 Test: Filter.Size3_nF_F_nF
Command: "/usr/bin/valgrind" "--tool=memcheck" "--leak-check=yes" "--trace-children=no" "--error-exitcode=113" "/home/codio/workspace/hw3/hw3_tests/llrec_tests/llrec_tests" "--gtest_filter=Filter.Size3_nF_F_nF"
Directory: /home/codio/workspace/hw3/hw3_tests/llrec_tests
"Filter.Size3_nF_F_nF" start time: Mar 12 18:43 UTC
Output:
----------------------------------------------------------
==2863== Memcheck, a memory error detector
==2863== Copyright (C) 2002-2017, and GNU GPL'd, by Julian Seward et al.
==2863== Using Valgrind-3.13.0 and LibVEX; rerun with -h for copyright info
==2863== Command: /home/codio/workspace/hw3/hw3_tests/llrec_tests/llrec_tests --gtest_filter=Filter.Size3_nF_F_nF
==2863== 
Running main() from /home/codio/googletest/googletest/src/gtest_main.cc
Note: Google Test filter = Filter.Size3_nF_F_nF
[==========] Running 1 test from 1 test suite.
[----------] Global test environment set-up.
[----------] 1 test from Filter
[ RUN      ] Filter.Size3_nF_F_nF
[       OK ] Filter.Size3_nF_F_nF (31 ms)
[----------] 1 test from Filter (41 ms total)

[----------] Global test environment tear-down
[==========] 1 test from 1 test suite ran. (95 ms total)
[  PASSED  ] 1 test.
==2863== 
==2863== HEAP SUMMARY:
==2863==     in use at exit: 0 bytes in 0 blocks
==2863==   total heap usage: 415 allocs, 415 frees, 133,362 bytes allocated
==2863== 
==2863== All heap blocks were freed -- no leaks are possible
==2863== 
==2863== For counts of detected and suppressed errors, rerun with: -v
==2863== ERROR SUMMARY: 0 errors from 0 contexts (suppressed: 0 from 0)
<end of output>
Test time =   1.60 sec
----------------------------------------------------------
Test Passed.
"Filter.Size3_nF_F_nF" end time: Mar 12 18:43 UTC
"Filter.Size3_nF_F_nF" time elapsed: 00:00:01
----------------------------------------------------------

20/23 Testing: Filter.Size3_F_nF_F
20/23 Test: Filter.Size3_F_nF_F
Command: "/usr/bin/valgrind" "--tool=memcheck" "--leak-check=yes" "--trace-children=no" "--error-exitcode=113" "/home/codio/workspace/hw3/hw3_tests/llrec_tests/llrec_tests" "--gtest_filter=Filter.Size3_F_nF_F"
Directory: /home/codio/workspace/hw3/hw3_tests/llrec_tests
"Filter.Size3_F_nF_F" start time: Mar 12 18:43 UTC
Output:
----------------------------------------------------------
==2864== Memcheck, a memory error detector
==2864== Copyright (C) 2002-2017, and GNU GPL'd, by Julian Seward et al.
==2864== Using Valgrind-3.13.0 and LibVEX; rerun with -h for copyright info
==2864== Command: /home/codio/workspace/hw3/hw3_tests/llrec_tests/llrec_tests --gtest_filter=Filter.Size3_F_nF_F
==2864== 
Running main() from /home/codio/googletest/googletest/src/gtest_main.cc
Note: Google Test filter = Filter.Size3_F_nF_F
[==========] Running 1 test from 1 test suite.
[----------] Global test environment set-up.
[----------] 1 test from Filter
[ RUN      ] Filter.Size3_F_nF_F
[       OK ] Filter.Size3_F_nF_F (32 ms)
[----------] 1 test from Filter (42 ms total)

[----------] Global test environment tear-down
[==========] 1 test from 1 test suite ran. (97 ms total)
[  PASSED  ] 1 test.
==2864== 
==2864== HEAP SUMMARY:
==2864==     in use at exit: 0 bytes in 0 blocks
==2864==   total heap usage: 415 allocs, 415 frees, 133,348 bytes allocated
==2864== 
==2864== All heap blocks were freed -- no leaks are possible
==2864== 
==2864== For counts of detected and suppressed errors, rerun with: -v
==2864== ERROR SUMMARY: 0 errors from 0 contexts (suppressed: 0 from 0)
<end of output>
Test time =   1.68 sec
----------------------------------------------------------
Test Passed.
"Filter.Size3_F_nF_F" end time: Mar 12 18:43 UTC
"Filter.Size3_F_nF_F" time elapsed: 00:00:01
----------------------------------------------------------

21/23 Testing: Filter.SameNodeCheck
21/23 Test: Filter.SameNodeCheck
Command: "/usr/bin/valgrind" "--tool=memcheck" "--leak-check=yes" "--trace-children=no" "--error-exitcode=113" "/home/codio/workspace/hw3/hw3_tests/llrec_tests/llrec_tests" "--gtest_filter=Filter.SameNodeCheck"
Directory: /home/codio/workspace/hw3/hw3_tests/llrec_tests
"Filter.SameNodeCheck" start time: Mar 12 18:43 UTC
Output:
----------------------------------------------------------
==2865== Memcheck, a memory error detector
==2865== Copyright (C) 2002-2017, and GNU GPL'd, by Julian Seward et al.
==2865== Using Valgrind-3.13.0 and LibVEX; rerun with -h for copyright info
==2865== Command: /home/codio/workspace/hw3/hw3_tests/llrec_tests/llrec_tests --gtest_filter=Filter.SameNodeCheck
==2865== 
Running main() from /home/codio/googletest/googletest/src/gtest_main.cc
Note: Google Test filter = Filter.SameNodeCheck
[==========] Running 1 test from 1 test suite.
[----------] Global test environment set-up.
[----------] 1 test from Filter
[ RUN      ] Filter.SameNodeCheck
[       OK ] Filter.SameNodeCheck (47 ms)
[----------] 1 test from Filter (57 ms total)

[----------] Global test environment tear-down
[==========] 1 test from 1 test suite ran. (110 ms total)
[  PASSED  ] 1 test.
==2865== 
==2865== HEAP SUMMARY:
==2865==     in use at exit: 0 bytes in 0 blocks
==2865==   total heap usage: 420 allocs, 420 frees, 133,458 bytes allocated
==2865== 
==2865== All heap blocks were freed -- no leaks are possible
==2865== 
==2865== For counts of detected and suppressed errors, rerun with: -v
==2865== ERROR SUMMARY: 0 errors from 0 contexts (suppressed: 0 from 0)
<end of output>
Test time =   1.59 sec
----------------------------------------------------------
Test Passed.
"Filter.SameNodeCheck" end time: Mar 12 18:43 UTC
"Filter.SameNodeCheck" time elapsed: 00:00:01
----------------------------------------------------------

22/23 Testing: Filter.MultipleCalls
22/23 Test: Filter.MultipleCalls
Command: "/usr/bin/valgrind" "--tool=memcheck" "--leak-check=yes" "--trace-children=no" "--error-exitcode=113" "/home/codio/workspace/hw3/hw3_tests/llrec_tests/llrec_tests" "--gtest_filter=Filter.MultipleCalls"
Directory: /home/codio/workspace/hw3/hw3_tests/llrec_tests
"Filter.MultipleCalls" start time: Mar 12 18:43 UTC
Output:
----------------------------------------------------------
==2866== Memcheck, a memory error detector
==2866== Copyright (C) 2002-2017, and GNU GPL'd, by Julian Seward et al.
==2866== Using Valgrind-3.13.0 and LibVEX; rerun with -h for copyright info
==2866== Command: /home/codio/workspace/hw3/hw3_tests/llrec_tests/llrec_tests --gtest_filter=Filter.MultipleCalls
==2866== 
Running main() from /home/codio/googletest/googletest/src/gtest_main.cc
Note: Google Test filter = Filter.MultipleCalls
[==========] Running 1 test from 1 test suite.
[----------] Global test environment set-up.
[----------] 1 test from Filter
[ RUN      ] Filter.MultipleCalls
[       OK ] Filter.MultipleCalls (39 ms)
[----------] 1 test from Filter (49 ms total)

[----------] Global test environment tear-down
[==========] 1 test from 1 test suite ran. (106 ms total)
[  PASSED  ] 1 test.
==2866== 
==2866== HEAP SUMMARY:
==2866==     in use at exit: 0 bytes in 0 blocks
==2866==   total heap usage: 420 allocs, 420 frees, 133,458 bytes allocated
==2866== 
==2866== All heap blocks were freed -- no leaks are possible
==2866== 
==2866== For counts of detected and suppressed errors, rerun with: -v
==2866== ERROR SUMMARY: 0 errors from 0 contexts (suppressed: 0 from 0)
<end of output>
Test time =   1.60 sec
----------------------------------------------------------
Test Passed.
"Filter.MultipleCalls" end time: Mar 12 18:43 UTC
"Filter.MultipleCalls" time elapsed: 00:00:01
----------------------------------------------------------

23/23 Testing: Filter.CompareWithLlrec
23/23 Test: Filter.CompareWithLlrec
Command: "/usr/bin/valgrind" "--tool=memcheck" "--leak-check=yes" "--trace-children=no" "--error-exitcode=113" "/home/codio/workspace/hw3/hw3_tests/llrec_tests/llrec_tests" "--gtest_filter=Filter.CompareWithLlrec"
Directory: /home/codio/workspace/hw3/hw3_tests/llrec_tests
"Filter.CompareWithLlrec" start time: Mar 12 18:43 UTC
Output:
----------------------------------------------------------
==2867== Memcheck, a memory error detector
==2867== Copyright (C) 2002-2017, and GNU GPL'd, by Julian Seward et al.
==2867== Using Valgrind-3.13.0 and LibVEX; rerun with -h for copyright info
==2867== Command: /home/codio/workspace/hw3/hw3_tests/llrec_tests/llrec_tests --gtest_filter=Filter.CompareWithLlrec
==2867== 
Running main() from /home/codio/googletest/googletest/src/gtest_main.cc
Note: Google Test filter = Filter.CompareWithLlrec
[==========] Running 1 test from 1 test suite.
[----------] Global test environment set-up.
[----------] 1 test from Filter
[ RUN      ] Filter.CompareWithLlrec
[       OK ] Filter.CompareWithLlrec (43 ms)
[----------] 1 test from Filter (52 ms total)

[----------] Global test environment tear-down
[==========] 1 test from 1 test suite ran. (106 ms total)
[  PASSED  ] 1 test.
==2867== 
==2867== HEAP SUMMARY:
==2867==     in use at exit: 0 bytes in 0 blocks
==2867==   total heap usage: 430 allocs, 430 frees, 133,612 bytes allocated
==2867== 
==2867== All heap blocks were freed -- no leaks are possible
==2867== 
==2867== For counts of detected and suppressed errors, rerun with: -v
==2867== ERROR SUMMARY: 0 errors from 0 contexts (suppressed: 0 from 0)
<end of output>
Test time =   1.59 sec
----------------------------------------------------------
Test Passed.
"Filter.CompareWithLlrec" end time: Mar 12 18:43 UTC
"Filter.CompareWithLlrec" time elapsed: 00:00:01
----------------------------------------------------------

End testing: Mar 12 18:43 UTC
