Start testing: Mar 12 18:48 UTC
----------------------------------------------------------
1/2 Testing: Stack.BasicString
1/2 Test: Stack.BasicString
Command: "/usr/bin/valgrind" "--tool=memcheck" "--leak-check=yes" "--trace-children=no" "--error-exitcode=113" "/home/codio/workspace/hw3/hw3_tests/stack_tests/stack_tests" "--gtest_filter=Stack.BasicString"
Directory: /home/codio/workspace/hw3/hw3_tests/stack_tests
"Stack.BasicString" start time: Mar 12 18:48 UTC
Output:
----------------------------------------------------------
==2941== Memcheck, a memory error detector
==2941== Copyright (C) 2002-2017, and GNU GPL'd, by Julian Seward et al.
==2941== Using Valgrind-3.13.0 and LibVEX; rerun with -h for copyright info
==2941== Command: /home/codio/workspace/hw3/hw3_tests/stack_tests/stack_tests --gtest_filter=Stack.BasicString
==2941== 
Running main() from /home/codio/googletest/googletest/src/gtest_main.cc
Note: Google Test filter = Stack.BasicString
[==========] Running 1 test from 1 test suite.
[----------] Global test environment set-up.
[----------] 1 test from Stack
[ RUN      ] Stack.BasicString
[       OK ] Stack.BasicString (96 ms)
[----------] 1 test from Stack (105 ms total)

[----------] Global test environment tear-down
[==========] 1 test from 1 test suite ran. (159 ms total)
[  PASSED  ] 1 test.
==2941== 
==2941== HEAP SUMMARY:
==2941==     in use at exit: 0 bytes in 0 blocks
==2941==   total heap usage: 230 allocs, 230 frees, 120,596 bytes allocated
==2941== 
==2941== All heap blocks were freed -- no leaks are possible
==2941== 
==2941== For counts of detected and suppressed errors, rerun with: -v
==2941== ERROR SUMMARY: 0 errors from 0 contexts (suppressed: 0 from 0)
<end of output>
Test time =   1.74 sec
----------------------------------------------------------
Test Passed.
"Stack.BasicString" end time: Mar 12 18:48 UTC
"Stack.BasicString" time elapsed: 00:00:01
----------------------------------------------------------

2/2 Testing: Stack.RandomInt
2/2 Test: Stack.RandomInt
Command: "/usr/bin/valgrind" "--tool=memcheck" "--leak-check=yes" "--trace-children=no" "--error-exitcode=113" "/home/codio/workspace/hw3/hw3_tests/stack_tests/stack_tests" "--gtest_filter=Stack.RandomInt"
Directory: /home/codio/workspace/hw3/hw3_tests/stack_tests
"Stack.RandomInt" start time: Mar 12 18:48 UTC
Output:
----------------------------------------------------------
==2942== Memcheck, a memory error detector
==2942== Copyright (C) 2002-2017, and GNU GPL'd, by Julian Seward et al.
==2942== Using Valgrind-3.13.0 and LibVEX; rerun with -h for copyright info
==2942== Command: /home/codio/workspace/hw3/hw3_tests/stack_tests/stack_tests --gtest_filter=Stack.RandomInt
==2942== 
Running main() from /home/codio/googletest/googletest/src/gtest_main.cc
Note: Google Test filter = Stack.RandomInt
[==========] Running 1 test from 1 test suite.
[----------] Global test environment set-up.
[----------] 1 test from Stack
[ RUN      ] Stack.RandomInt
[       OK ] Stack.RandomInt (1839 ms)
[----------] 1 test from Stack (1849 ms total)

[----------] Global test environment tear-down
[==========] 1 test from 1 test suite ran. (1904 ms total)
[  PASSED  ] 1 test.
==2942== 
==2942== HEAP SUMMARY:
==2942==     in use at exit: 0 bytes in 0 blocks
==2942==   total heap usage: 21,262 allocs, 21,262 frees, 1,081,433 bytes allocated
==2942== 
==2942== All heap blocks were freed -- no leaks are possible
==2942== 
==2942== For counts of detected and suppressed errors, rerun with: -v
==2942== ERROR SUMMARY: 0 errors from 0 contexts (suppressed: 0 from 0)
<end of output>
Test time =   3.44 sec
----------------------------------------------------------
Test Passed.
"Stack.RandomInt" end time: Mar 12 18:48 UTC
"Stack.RandomInt" time elapsed: 00:00:03
----------------------------------------------------------

End testing: Mar 12 18:48 UTC
