Start testing: Mar 12 18:50 UTC
----------------------------------------------------------
1/25 Testing: HeapTest.ConstructionDestruction
1/25 Test: HeapTest.ConstructionDestruction
Command: "/usr/bin/valgrind" "--tool=memcheck" "--leak-check=yes" "--trace-children=no" "--error-exitcode=113" "/home/codio/workspace/hw3/hw3_tests/heap_tests/heap_tests" "--gtest_filter=HeapTest.ConstructionDestruction"
Directory: /home/codio/workspace/hw3/hw3_tests/heap_tests
"HeapTest.ConstructionDestruction" start time: Mar 12 18:50 UTC
Output:
----------------------------------------------------------
==2987== Memcheck, a memory error detector
==2987== Copyright (C) 2002-2017, and GNU GPL'd, by Julian Seward et al.
==2987== Using Valgrind-3.13.0 and LibVEX; rerun with -h for copyright info
==2987== Command: /home/codio/workspace/hw3/hw3_tests/heap_tests/heap_tests --gtest_filter=HeapTest.ConstructionDestruction
==2987== 
Running main() from /home/codio/googletest/googletest/src/gtest_main.cc
Note: Google Test filter = HeapTest.ConstructionDestruction
[==========] Running 1 test from 1 test suite.
[----------] Global test environment set-up.
[----------] 1 test from HeapTest
[ RUN      ] HeapTest.ConstructionDestruction
[       OK ] HeapTest.ConstructionDestruction (20 ms)
[----------] 1 test from HeapTest (31 ms total)

[----------] Global test environment tear-down
[==========] 1 test from 1 test suite ran. (87 ms total)
[  PASSED  ] 1 test.
==2987== 
==2987== HEAP SUMMARY:
==2987==     in use at exit: 0 bytes in 0 blocks
==2987==   total heap usage: 468 allocs, 468 frees, 135,793 bytes allocated
==2987== 
==2987== All heap blocks were freed -- no leaks are possible
==2987== 
==2987== For counts of detected and suppressed errors, rerun with: -v
==2987== ERROR SUMMARY: 0 errors from 0 contexts (suppressed: 0 from 0)
<end of output>
Test time =   1.77 sec
----------------------------------------------------------
Test Passed.
"HeapTest.ConstructionDestruction" end time: Mar 12 18:50 UTC
"HeapTest.ConstructionDestruction" time elapsed: 00:00:01
----------------------------------------------------------

2/25 Testing: HeapTest.InitiallyEmpty
2/25 Test: HeapTest.InitiallyEmpty
Command: "/usr/bin/valgrind" "--tool=memcheck" "--leak-check=yes" "--trace-children=no" "--error-exitcode=113" "/home/codio/workspace/hw3/hw3_tests/heap_tests/heap_tests" "--gtest_filter=HeapTest.InitiallyEmpty"
Directory: /home/codio/workspace/hw3/hw3_tests/heap_tests
"HeapTest.InitiallyEmpty" start time: Mar 12 18:50 UTC
Output:
----------------------------------------------------------
==2988== Memcheck, a memory error detector
==2988== Copyright (C) 2002-2017, and GNU GPL'd, by Julian Seward et al.
==2988== Using Valgrind-3.13.0 and LibVEX; rerun with -h for copyright info
==2988== Command: /home/codio/workspace/hw3/hw3_tests/heap_tests/heap_tests --gtest_filter=HeapTest.InitiallyEmpty
==2988== 
Running main() from /home/codio/googletest/googletest/src/gtest_main.cc
Note: Google Test filter = HeapTest.InitiallyEmpty
[==========] Running 1 test from 1 test suite.
[----------] Global test environment set-up.
[----------] 1 test from HeapTest
[ RUN      ] HeapTest.InitiallyEmpty
[       OK ] HeapTest.InitiallyEmpty (29 ms)
[----------] 1 test from HeapTest (42 ms total)

[----------] Global test environment tear-down
[==========] 1 test from 1 test suite ran. (114 ms total)
[  PASSED  ] 1 test.
==2988== 
==2988== HEAP SUMMARY:
==2988==     in use at exit: 0 bytes in 0 blocks
==2988==   total heap usage: 468 allocs, 468 frees, 135,697 bytes allocated
==2988== 
==2988== All heap blocks were freed -- no leaks are possible
==2988== 
==2988== For counts of detected and suppressed errors, rerun with: -v
==2988== ERROR SUMMARY: 0 errors from 0 contexts (suppressed: 0 from 0)
<end of output>
Test time =   1.74 sec
----------------------------------------------------------
Test Passed.
"HeapTest.InitiallyEmpty" end time: Mar 12 18:50 UTC
"HeapTest.InitiallyEmpty" time elapsed: 00:00:01
----------------------------------------------------------

3/25 Testing: HeapTest.EmptyTopException
3/25 Test: HeapTest.EmptyTopException
Command: "/usr/bin/valgrind" "--tool=memcheck" "--leak-check=yes" "--trace-children=no" "--error-exitcode=113" "/home/codio/workspace/hw3/hw3_tests/heap_tests/heap_tests" "--gtest_filter=HeapTest.EmptyTopException"
Directory: /home/codio/workspace/hw3/hw3_tests/heap_tests
"HeapTest.EmptyTopException" start time: Mar 12 18:50 UTC
Output:
----------------------------------------------------------
==2989== Memcheck, a memory error detector
==2989== Copyright (C) 2002-2017, and GNU GPL'd, by Julian Seward et al.
==2989== Using Valgrind-3.13.0 and LibVEX; rerun with -h for copyright info
==2989== Command: /home/codio/workspace/hw3/hw3_tests/heap_tests/heap_tests --gtest_filter=HeapTest.EmptyTopException
==2989== 
Running main() from /home/codio/googletest/googletest/src/gtest_main.cc
Note: Google Test filter = HeapTest.EmptyTopException
[==========] Running 1 test from 1 test suite.
[----------] Global test environment set-up.
[----------] 1 test from HeapTest
[ RUN      ] HeapTest.EmptyTopException
[       OK ] HeapTest.EmptyTopException (62 ms)
[----------] 1 test from HeapTest (71 ms total)

[----------] Global test environment tear-down
[==========] 1 test from 1 test suite ran. (125 ms total)
[  PASSED  ] 1 test.
==2989== 
==2989== HEAP SUMMARY:
==2989==     in use at exit: 0 bytes in 0 blocks
==2989==   total heap usage: 470 allocs, 470 frees, 135,906 bytes allocated
==2989== 
==2989== All heap blocks were freed -- no leaks are possible
==2989== 
==2989== For counts of detected and suppressed errors, rerun with: -v
==2989== ERROR SUMMARY: 0 errors from 0 contexts (suppressed: 0 from 0)
<end of output>
Test time =   1.88 sec
----------------------------------------------------------
Test Passed.
"HeapTest.EmptyTopException" end time: Mar 12 18:50 UTC
"HeapTest.EmptyTopException" time elapsed: 00:00:01
----------------------------------------------------------

4/25 Testing: HeapTest.EmptyPopException
4/25 Test: HeapTest.EmptyPopException
Command: "/usr/bin/valgrind" "--tool=memcheck" "--leak-check=yes" "--trace-children=no" "--error-exitcode=113" "/home/codio/workspace/hw3/hw3_tests/heap_tests/heap_tests" "--gtest_filter=HeapTest.EmptyPopException"
Directory: /home/codio/workspace/hw3/hw3_tests/heap_tests
"HeapTest.EmptyPopException" start time: Mar 12 18:50 UTC
Output:
----------------------------------------------------------
==2990== Memcheck, a memory error detector
==2990== Copyright (C) 2002-2017, and GNU GPL'd, by Julian Seward et al.
==2990== Using Valgrind-3.13.0 and LibVEX; rerun with -h for copyright info
==2990== Command: /home/codio/workspace/hw3/hw3_tests/heap_tests/heap_tests --gtest_filter=HeapTest.EmptyPopException
==2990== 
Running main() from /home/codio/googletest/googletest/src/gtest_main.cc
Note: Google Test filter = HeapTest.EmptyPopException
[==========] Running 1 test from 1 test suite.
[----------] Global test environment set-up.
[----------] 1 test from HeapTest
[ RUN      ] HeapTest.EmptyPopException
[       OK ] HeapTest.EmptyPopException (64 ms)
[----------] 1 test from HeapTest (74 ms total)

[----------] Global test environment tear-down
[==========] 1 test from 1 test suite ran. (131 ms total)
[  PASSED  ] 1 test.
==2990== 
==2990== HEAP SUMMARY:
==2990==     in use at exit: 0 bytes in 0 blocks
==2990==   total heap usage: 470 allocs, 470 frees, 135,907 bytes allocated
==2990== 
==2990== All heap blocks were freed -- no leaks are possible
==2990== 
==2990== For counts of detected and suppressed errors, rerun with: -v
==2990== ERROR SUMMARY: 0 errors from 0 contexts (suppressed: 0 from 0)
<end of output>
Test time =   1.69 sec
----------------------------------------------------------
Test Passed.
"HeapTest.EmptyPopException" end time: Mar 12 18:50 UTC
"HeapTest.EmptyPopException" time elapsed: 00:00:01
----------------------------------------------------------

5/25 Testing: HeapTest.SingleItemNonempty
5/25 Test: HeapTest.SingleItemNonempty
Command: "/usr/bin/valgrind" "--tool=memcheck" "--leak-check=yes" "--trace-children=no" "--error-exitcode=113" "/home/codio/workspace/hw3/hw3_tests/heap_tests/heap_tests" "--gtest_filter=HeapTest.SingleItemNonempty"
Directory: /home/codio/workspace/hw3/hw3_tests/heap_tests
"HeapTest.SingleItemNonempty" start time: Mar 12 18:50 UTC
Output:
----------------------------------------------------------
==2991== Memcheck, a memory error detector
==2991== Copyright (C) 2002-2017, and GNU GPL'd, by Julian Seward et al.
==2991== Using Valgrind-3.13.0 and LibVEX; rerun with -h for copyright info
==2991== Command: /home/codio/workspace/hw3/hw3_tests/heap_tests/heap_tests --gtest_filter=HeapTest.SingleItemNonempty
==2991== 
Running main() from /home/codio/googletest/googletest/src/gtest_main.cc
Note: Google Test filter = HeapTest.SingleItemNonempty
[==========] Running 1 test from 1 test suite.
[----------] Global test environment set-up.
[----------] 1 test from HeapTest
[ RUN      ] HeapTest.SingleItemNonempty
[       OK ] HeapTest.SingleItemNonempty (28 ms)
[----------] 1 test from HeapTest (38 ms total)

[----------] Global test environment tear-down
[==========] 1 test from 1 test suite ran. (98 ms total)
[  PASSED  ] 1 test.
==2991== 
==2991== HEAP SUMMARY:
==2991==     in use at exit: 0 bytes in 0 blocks
==2991==   total heap usage: 469 allocs, 469 frees, 135,741 bytes allocated
==2991== 
==2991== All heap blocks were freed -- no leaks are possible
==2991== 
==2991== For counts of detected and suppressed errors, rerun with: -v
==2991== ERROR SUMMARY: 0 errors from 0 contexts (suppressed: 0 from 0)
<end of output>
Test time =   1.68 sec
----------------------------------------------------------
Test Passed.
"HeapTest.SingleItemNonempty" end time: Mar 12 18:50 UTC
"HeapTest.SingleItemNonempty" time elapsed: 00:00:01
----------------------------------------------------------

6/25 Testing: HeapTest.SingleItemPush
6/25 Test: HeapTest.SingleItemPush
Command: "/usr/bin/valgrind" "--tool=memcheck" "--leak-check=yes" "--trace-children=no" "--error-exitcode=113" "/home/codio/workspace/hw3/hw3_tests/heap_tests/heap_tests" "--gtest_filter=HeapTest.SingleItemPush"
Directory: /home/codio/workspace/hw3/hw3_tests/heap_tests
"HeapTest.SingleItemPush" start time: Mar 12 18:50 UTC
Output:
----------------------------------------------------------
==2992== Memcheck, a memory error detector
==2992== Copyright (C) 2002-2017, and GNU GPL'd, by Julian Seward et al.
==2992== Using Valgrind-3.13.0 and LibVEX; rerun with -h for copyright info
==2992== Command: /home/codio/workspace/hw3/hw3_tests/heap_tests/heap_tests --gtest_filter=HeapTest.SingleItemPush
==2992== 
Running main() from /home/codio/googletest/googletest/src/gtest_main.cc
Note: Google Test filter = HeapTest.SingleItemPush
[==========] Running 1 test from 1 test suite.
[----------] Global test environment set-up.
[----------] 1 test from HeapTest
[ RUN      ] HeapTest.SingleItemPush
[       OK ] HeapTest.SingleItemPush (34 ms)
[----------] 1 test from HeapTest (45 ms total)

[----------] Global test environment tear-down
[==========] 1 test from 1 test suite ran. (104 ms total)
[  PASSED  ] 1 test.
==2992== 
==2992== HEAP SUMMARY:
==2992==     in use at exit: 0 bytes in 0 blocks
==2992==   total heap usage: 469 allocs, 469 frees, 135,701 bytes allocated
==2992== 
==2992== All heap blocks were freed -- no leaks are possible
==2992== 
==2992== For counts of detected and suppressed errors, rerun with: -v
==2992== ERROR SUMMARY: 0 errors from 0 contexts (suppressed: 0 from 0)
<end of output>
Test time =   1.80 sec
----------------------------------------------------------
Test Passed.
"HeapTest.SingleItemPush" end time: Mar 12 18:50 UTC
"HeapTest.SingleItemPush" time elapsed: 00:00:01
----------------------------------------------------------

7/25 Testing: HeapTest.SingleItemPushPop
7/25 Test: HeapTest.SingleItemPushPop
Command: "/usr/bin/valgrind" "--tool=memcheck" "--leak-check=yes" "--trace-children=no" "--error-exitcode=113" "/home/codio/workspace/hw3/hw3_tests/heap_tests/heap_tests" "--gtest_filter=HeapTest.SingleItemPushPop"
Directory: /home/codio/workspace/hw3/hw3_tests/heap_tests
"HeapTest.SingleItemPushPop" start time: Mar 12 18:50 UTC
Output:
----------------------------------------------------------
==2993== Memcheck, a memory error detector
==2993== Copyright (C) 2002-2017, and GNU GPL'd, by Julian Seward et al.
==2993== Using Valgrind-3.13.0 and LibVEX; rerun with -h for copyright info
==2993== Command: /home/codio/workspace/hw3/hw3_tests/heap_tests/heap_tests --gtest_filter=HeapTest.SingleItemPushPop
==2993== 
Running main() from /home/codio/googletest/googletest/src/gtest_main.cc
Note: Google Test filter = HeapTest.SingleItemPushPop
[==========] Running 1 test from 1 test suite.
[----------] Global test environment set-up.
[----------] 1 test from HeapTest
[ RUN      ] HeapTest.SingleItemPushPop
[       OK ] HeapTest.SingleItemPushPop (27 ms)
[----------] 1 test from HeapTest (37 ms total)

[----------] Global test environment tear-down
[==========] 1 test from 1 test suite ran. (90 ms total)
[  PASSED  ] 1 test.
==2993== 
==2993== HEAP SUMMARY:
==2993==     in use at exit: 0 bytes in 0 blocks
==2993==   total heap usage: 469 allocs, 469 frees, 135,731 bytes allocated
==2993== 
==2993== All heap blocks were freed -- no leaks are possible
==2993== 
==2993== For counts of detected and suppressed errors, rerun with: -v
==2993== ERROR SUMMARY: 0 errors from 0 contexts (suppressed: 0 from 0)
<end of output>
Test time =   1.62 sec
----------------------------------------------------------
Test Passed.
"HeapTest.SingleItemPushPop" end time: Mar 12 18:50 UTC
"HeapTest.SingleItemPushPop" time elapsed: 00:00:01
----------------------------------------------------------

8/25 Testing: HeapTest.TwoElementPush_LowPriFirst
8/25 Test: HeapTest.TwoElementPush_LowPriFirst
Command: "/usr/bin/valgrind" "--tool=memcheck" "--leak-check=yes" "--trace-children=no" "--error-exitcode=113" "/home/codio/workspace/hw3/hw3_tests/heap_tests/heap_tests" "--gtest_filter=HeapTest.TwoElementPush_LowPriFirst"
Directory: /home/codio/workspace/hw3/hw3_tests/heap_tests
"HeapTest.TwoElementPush_LowPriFirst" start time: Mar 12 18:50 UTC
Output:
----------------------------------------------------------
==2994== Memcheck, a memory error detector
==2994== Copyright (C) 2002-2017, and GNU GPL'd, by Julian Seward et al.
==2994== Using Valgrind-3.13.0 and LibVEX; rerun with -h for copyright info
==2994== Command: /home/codio/workspace/hw3/hw3_tests/heap_tests/heap_tests --gtest_filter=HeapTest.TwoElementPush_LowPriFirst
==2994== 
Running main() from /home/codio/googletest/googletest/src/gtest_main.cc
Note: Google Test filter = HeapTest.TwoElementPush_LowPriFirst
[==========] Running 1 test from 1 test suite.
[----------] Global test environment set-up.
[----------] 1 test from HeapTest
[ RUN      ] HeapTest.TwoElementPush_LowPriFirst
[       OK ] HeapTest.TwoElementPush_LowPriFirst (31 ms)
[----------] 1 test from HeapTest (41 ms total)

[----------] Global test environment tear-down
[==========] 1 test from 1 test suite ran. (95 ms total)
[  PASSED  ] 1 test.
==2994== 
==2994== HEAP SUMMARY:
==2994==     in use at exit: 0 bytes in 0 blocks
==2994==   total heap usage: 470 allocs, 470 frees, 135,844 bytes allocated
==2994== 
==2994== All heap blocks were freed -- no leaks are possible
==2994== 
==2994== For counts of detected and suppressed errors, rerun with: -v
==2994== ERROR SUMMARY: 0 errors from 0 contexts (suppressed: 0 from 0)
<end of output>
Test time =   1.58 sec
----------------------------------------------------------
Test Passed.
"HeapTest.TwoElementPush_LowPriFirst" end time: Mar 12 18:50 UTC
"HeapTest.TwoElementPush_LowPriFirst" time elapsed: 00:00:01
----------------------------------------------------------

9/25 Testing: HeapTest.TwoElementPush_HighPriFirst
9/25 Test: HeapTest.TwoElementPush_HighPriFirst
Command: "/usr/bin/valgrind" "--tool=memcheck" "--leak-check=yes" "--trace-children=no" "--error-exitcode=113" "/home/codio/workspace/hw3/hw3_tests/heap_tests/heap_tests" "--gtest_filter=HeapTest.TwoElementPush_HighPriFirst"
Directory: /home/codio/workspace/hw3/hw3_tests/heap_tests
"HeapTest.TwoElementPush_HighPriFirst" start time: Mar 12 18:50 UTC
Output:
----------------------------------------------------------
==2995== Memcheck, a memory error detector
==2995== Copyright (C) 2002-2017, and GNU GPL'd, by Julian Seward et al.
==2995== Using Valgrind-3.13.0 and LibVEX; rerun with -h for copyright info
==2995== Command: /home/codio/workspace/hw3/hw3_tests/heap_tests/heap_tests --gtest_filter=HeapTest.TwoElementPush_HighPriFirst
==2995== 
Running main() from /home/codio/googletest/googletest/src/gtest_main.cc
Note: Google Test filter = HeapTest.TwoElementPush_HighPriFirst
[==========] Running 1 test from 1 test suite.
[----------] Global test environment set-up.
[----------] 1 test from HeapTest
[ RUN      ] HeapTest.TwoElementPush_HighPriFirst
[       OK ] HeapTest.TwoElementPush_HighPriFirst (32 ms)
[----------] 1 test from HeapTest (42 ms total)

[----------] Global test environment tear-down
[==========] 1 test from 1 test suite ran. (96 ms total)
[  PASSED  ] 1 test.
==2995== 
==2995== HEAP SUMMARY:
==2995==     in use at exit: 0 bytes in 0 blocks
==2995==   total heap usage: 470 allocs, 470 frees, 135,857 bytes allocated
==2995== 
==2995== All heap blocks were freed -- no leaks are possible
==2995== 
==2995== For counts of detected and suppressed errors, rerun with: -v
==2995== ERROR SUMMARY: 0 errors from 0 contexts (suppressed: 0 from 0)
<end of output>
Test time =   1.61 sec
----------------------------------------------------------
Test Passed.
"HeapTest.TwoElementPush_HighPriFirst" end time: Mar 12 18:50 UTC
"HeapTest.TwoElementPush_HighPriFirst" time elapsed: 00:00:01
----------------------------------------------------------

10/25 Testing: HeapTest.Duplicates
10/25 Test: HeapTest.Duplicates
Command: "/usr/bin/valgrind" "--tool=memcheck" "--leak-check=yes" "--trace-children=no" "--error-exitcode=113" "/home/codio/workspace/hw3/hw3_tests/heap_tests/heap_tests" "--gtest_filter=HeapTest.Duplicates"
Directory: /home/codio/workspace/hw3/hw3_tests/heap_tests
"HeapTest.Duplicates" start time: Mar 12 18:50 UTC
Output:
----------------------------------------------------------
==2996== Memcheck, a memory error detector
==2996== Copyright (C) 2002-2017, and GNU GPL'd, by Julian Seward et al.
==2996== Using Valgrind-3.13.0 and LibVEX; rerun with -h for copyright info
==2996== Command: /home/codio/workspace/hw3/hw3_tests/heap_tests/heap_tests --gtest_filter=HeapTest.Duplicates
==2996== 
Running main() from /home/codio/googletest/googletest/src/gtest_main.cc
Note: Google Test filter = HeapTest.Duplicates
[==========] Running 1 test from 1 test suite.
[----------] Global test environment set-up.
[----------] 1 test from HeapTest
[ RUN      ] HeapTest.Duplicates
[       OK ] HeapTest.Duplicates (37 ms)
[----------] 1 test from HeapTest (47 ms total)

[----------] Global test environment tear-down
[==========] 1 test from 1 test suite ran. (104 ms total)
[  PASSED  ] 1 test.
==2996== 
==2996== HEAP SUMMARY:
==2996==     in use at exit: 0 bytes in 0 blocks
==2996==   total heap usage: 471 allocs, 471 frees, 135,685 bytes allocated
==2996== 
==2996== All heap blocks were freed -- no leaks are possible
==2996== 
==2996== For counts of detected and suppressed errors, rerun with: -v
==2996== ERROR SUMMARY: 0 errors from 0 contexts (suppressed: 0 from 0)
<end of output>
Test time =   1.63 sec
----------------------------------------------------------
Test Passed.
"HeapTest.Duplicates" end time: Mar 12 18:50 UTC
"HeapTest.Duplicates" time elapsed: 00:00:01
----------------------------------------------------------

11/25 Testing: HeapTest.NegativeElements
11/25 Test: HeapTest.NegativeElements
Command: "/usr/bin/valgrind" "--tool=memcheck" "--leak-check=yes" "--trace-children=no" "--error-exitcode=113" "/home/codio/workspace/hw3/hw3_tests/heap_tests/heap_tests" "--gtest_filter=HeapTest.NegativeElements"
Directory: /home/codio/workspace/hw3/hw3_tests/heap_tests
"HeapTest.NegativeElements" start time: Mar 12 18:50 UTC
Output:
----------------------------------------------------------
==2997== Memcheck, a memory error detector
==2997== Copyright (C) 2002-2017, and GNU GPL'd, by Julian Seward et al.
==2997== Using Valgrind-3.13.0 and LibVEX; rerun with -h for copyright info
==2997== Command: /home/codio/workspace/hw3/hw3_tests/heap_tests/heap_tests --gtest_filter=HeapTest.NegativeElements
==2997== 
Running main() from /home/codio/googletest/googletest/src/gtest_main.cc
Note: Google Test filter = HeapTest.NegativeElements
[==========] Running 1 test from 1 test suite.
[----------] Global test environment set-up.
[----------] 1 test from HeapTest
[ RUN      ] HeapTest.NegativeElements
[       OK ] HeapTest.NegativeElements (40 ms)
[----------] 1 test from HeapTest (53 ms total)

[----------] Global test environment tear-down
[==========] 1 test from 1 test suite ran. (127 ms total)
[  PASSED  ] 1 test.
==2997== 
==2997== HEAP SUMMARY:
==2997==     in use at exit: 0 bytes in 0 blocks
==2997==   total heap usage: 470 allocs, 470 frees, 135,729 bytes allocated
==2997== 
==2997== All heap blocks were freed -- no leaks are possible
==2997== 
==2997== For counts of detected and suppressed errors, rerun with: -v
==2997== ERROR SUMMARY: 0 errors from 0 contexts (suppressed: 0 from 0)
<end of output>
Test time =   1.83 sec
----------------------------------------------------------
Test Passed.
"HeapTest.NegativeElements" end time: Mar 12 18:50 UTC
"HeapTest.NegativeElements" time elapsed: 00:00:01
----------------------------------------------------------

12/25 Testing: HeapTest.ThreeElementPush_0_5_10
12/25 Test: HeapTest.ThreeElementPush_0_5_10
Command: "/usr/bin/valgrind" "--tool=memcheck" "--leak-check=yes" "--trace-children=no" "--error-exitcode=113" "/home/codio/workspace/hw3/hw3_tests/heap_tests/heap_tests" "--gtest_filter=HeapTest.ThreeElementPush_0_5_10"
Directory: /home/codio/workspace/hw3/hw3_tests/heap_tests
"HeapTest.ThreeElementPush_0_5_10" start time: Mar 12 18:50 UTC
Output:
----------------------------------------------------------
==2998== Memcheck, a memory error detector
==2998== Copyright (C) 2002-2017, and GNU GPL'd, by Julian Seward et al.
==2998== Using Valgrind-3.13.0 and LibVEX; rerun with -h for copyright info
==2998== Command: /home/codio/workspace/hw3/hw3_tests/heap_tests/heap_tests --gtest_filter=HeapTest.ThreeElementPush_0_5_10
==2998== 
Running main() from /home/codio/googletest/googletest/src/gtest_main.cc
Note: Google Test filter = HeapTest.ThreeElementPush_0_5_10
[==========] Running 1 test from 1 test suite.
[----------] Global test environment set-up.
[----------] 1 test from HeapTest
[ RUN      ] HeapTest.ThreeElementPush_0_5_10
[       OK ] HeapTest.ThreeElementPush_0_5_10 (35 ms)
[----------] 1 test from HeapTest (45 ms total)

[----------] Global test environment tear-down
[==========] 1 test from 1 test suite ran. (100 ms total)
[  PASSED  ] 1 test.
==2998== 
==2998== HEAP SUMMARY:
==2998==     in use at exit: 0 bytes in 0 blocks
==2998==   total heap usage: 471 allocs, 471 frees, 135,821 bytes allocated
==2998== 
==2998== All heap blocks were freed -- no leaks are possible
==2998== 
==2998== For counts of detected and suppressed errors, rerun with: -v
==2998== ERROR SUMMARY: 0 errors from 0 contexts (suppressed: 0 from 0)
<end of output>
Test time =   1.79 sec
----------------------------------------------------------
Test Passed.
"HeapTest.ThreeElementPush_0_5_10" end time: Mar 12 18:51 UTC
"HeapTest.ThreeElementPush_0_5_10" time elapsed: 00:00:01
----------------------------------------------------------

13/25 Testing: HeapTest.ThreeElementPush_0_10_5
13/25 Test: HeapTest.ThreeElementPush_0_10_5
Command: "/usr/bin/valgrind" "--tool=memcheck" "--leak-check=yes" "--trace-children=no" "--error-exitcode=113" "/home/codio/workspace/hw3/hw3_tests/heap_tests/heap_tests" "--gtest_filter=HeapTest.ThreeElementPush_0_10_5"
Directory: /home/codio/workspace/hw3/hw3_tests/heap_tests
"HeapTest.ThreeElementPush_0_10_5" start time: Mar 12 18:51 UTC
Output:
----------------------------------------------------------
==2999== Memcheck, a memory error detector
==2999== Copyright (C) 2002-2017, and GNU GPL'd, by Julian Seward et al.
==2999== Using Valgrind-3.13.0 and LibVEX; rerun with -h for copyright info
==2999== Command: /home/codio/workspace/hw3/hw3_tests/heap_tests/heap_tests --gtest_filter=HeapTest.ThreeElementPush_0_10_5
==2999== 
Running main() from /home/codio/googletest/googletest/src/gtest_main.cc
Note: Google Test filter = HeapTest.ThreeElementPush_0_10_5
[==========] Running 1 test from 1 test suite.
[----------] Global test environment set-up.
[----------] 1 test from HeapTest
[ RUN      ] HeapTest.ThreeElementPush_0_10_5
[       OK ] HeapTest.ThreeElementPush_0_10_5 (35 ms)
[----------] 1 test from HeapTest (45 ms total)

[----------] Global test environment tear-down
[==========] 1 test from 1 test suite ran. (102 ms total)
[  PASSED  ] 1 test.
==2999== 
==2999== HEAP SUMMARY:
==2999==     in use at exit: 0 bytes in 0 blocks
==2999==   total heap usage: 471 allocs, 471 frees, 135,821 bytes allocated
==2999== 
==2999== All heap blocks were freed -- no leaks are possible
==2999== 
==2999== For counts of detected and suppressed errors, rerun with: -v
==2999== ERROR SUMMARY: 0 errors from 0 contexts (suppressed: 0 from 0)
<end of output>
Test time =   1.68 sec
----------------------------------------------------------
Test Passed.
"HeapTest.ThreeElementPush_0_10_5" end time: Mar 12 18:51 UTC
"HeapTest.ThreeElementPush_0_10_5" time elapsed: 00:00:01
----------------------------------------------------------

14/25 Testing: HeapTest.ThreeElementPush_5_0_10
14/25 Test: HeapTest.ThreeElementPush_5_0_10
Command: "/usr/bin/valgrind" "--tool=memcheck" "--leak-check=yes" "--trace-children=no" "--error-exitcode=113" "/home/codio/workspace/hw3/hw3_tests/heap_tests/heap_tests" "--gtest_filter=HeapTest.ThreeElementPush_5_0_10"
Directory: /home/codio/workspace/hw3/hw3_tests/heap_tests
"HeapTest.ThreeElementPush_5_0_10" start time: Mar 12 18:51 UTC
Output:
----------------------------------------------------------
==3000== Memcheck, a memory error detector
==3000== Copyright (C) 2002-2017, and GNU GPL'd, by Julian Seward et al.
==3000== Using Valgrind-3.13.0 and LibVEX; rerun with -h for copyright info
==3000== Command: /home/codio/workspace/hw3/hw3_tests/heap_tests/heap_tests --gtest_filter=HeapTest.ThreeElementPush_5_0_10
==3000== 
Running main() from /home/codio/googletest/googletest/src/gtest_main.cc
Note: Google Test filter = HeapTest.ThreeElementPush_5_0_10
[==========] Running 1 test from 1 test suite.
[----------] Global test environment set-up.
[----------] 1 test from HeapTest
[ RUN      ] HeapTest.ThreeElementPush_5_0_10
[       OK ] HeapTest.ThreeElementPush_5_0_10 (36 ms)
[----------] 1 test from HeapTest (45 ms total)

[----------] Global test environment tear-down
[==========] 1 test from 1 test suite ran. (99 ms total)
[  PASSED  ] 1 test.
==3000== 
==3000== HEAP SUMMARY:
==3000==     in use at exit: 0 bytes in 0 blocks
==3000==   total heap usage: 471 allocs, 471 frees, 135,821 bytes allocated
==3000== 
==3000== All heap blocks were freed -- no leaks are possible
==3000== 
==3000== For counts of detected and suppressed errors, rerun with: -v
==3000== ERROR SUMMARY: 0 errors from 0 contexts (suppressed: 0 from 0)
<end of output>
Test time =   1.60 sec
----------------------------------------------------------
Test Passed.
"HeapTest.ThreeElementPush_5_0_10" end time: Mar 12 18:51 UTC
"HeapTest.ThreeElementPush_5_0_10" time elapsed: 00:00:01
----------------------------------------------------------

15/25 Testing: HeapTest.ThreeElementPush_5_10_0
15/25 Test: HeapTest.ThreeElementPush_5_10_0
Command: "/usr/bin/valgrind" "--tool=memcheck" "--leak-check=yes" "--trace-children=no" "--error-exitcode=113" "/home/codio/workspace/hw3/hw3_tests/heap_tests/heap_tests" "--gtest_filter=HeapTest.ThreeElementPush_5_10_0"
Directory: /home/codio/workspace/hw3/hw3_tests/heap_tests
"HeapTest.ThreeElementPush_5_10_0" start time: Mar 12 18:51 UTC
Output:
----------------------------------------------------------
==3001== Memcheck, a memory error detector
==3001== Copyright (C) 2002-2017, and GNU GPL'd, by Julian Seward et al.
==3001== Using Valgrind-3.13.0 and LibVEX; rerun with -h for copyright info
==3001== Command: /home/codio/workspace/hw3/hw3_tests/heap_tests/heap_tests --gtest_filter=HeapTest.ThreeElementPush_5_10_0
==3001== 
Running main() from /home/codio/googletest/googletest/src/gtest_main.cc
Note: Google Test filter = HeapTest.ThreeElementPush_5_10_0
[==========] Running 1 test from 1 test suite.
[----------] Global test environment set-up.
[----------] 1 test from HeapTest
[ RUN      ] HeapTest.ThreeElementPush_5_10_0
[       OK ] HeapTest.ThreeElementPush_5_10_0 (37 ms)
[----------] 1 test from HeapTest (47 ms total)

[----------] Global test environment tear-down
[==========] 1 test from 1 test suite ran. (100 ms total)
[  PASSED  ] 1 test.
==3001== 
==3001== HEAP SUMMARY:
==3001==     in use at exit: 0 bytes in 0 blocks
==3001==   total heap usage: 471 allocs, 471 frees, 135,821 bytes allocated
==3001== 
==3001== All heap blocks were freed -- no leaks are possible
==3001== 
==3001== For counts of detected and suppressed errors, rerun with: -v
==3001== ERROR SUMMARY: 0 errors from 0 contexts (suppressed: 0 from 0)
<end of output>
Test time =   1.59 sec
----------------------------------------------------------
Test Passed.
"HeapTest.ThreeElementPush_5_10_0" end time: Mar 12 18:51 UTC
"HeapTest.ThreeElementPush_5_10_0" time elapsed: 00:00:01
----------------------------------------------------------

16/25 Testing: HeapTest.ThreeElementPush_10_0_5
16/25 Test: HeapTest.ThreeElementPush_10_0_5
Command: "/usr/bin/valgrind" "--tool=memcheck" "--leak-check=yes" "--trace-children=no" "--error-exitcode=113" "/home/codio/workspace/hw3/hw3_tests/heap_tests/heap_tests" "--gtest_filter=HeapTest.ThreeElementPush_10_0_5"
Directory: /home/codio/workspace/hw3/hw3_tests/heap_tests
"HeapTest.ThreeElementPush_10_0_5" start time: Mar 12 18:51 UTC
Output:
----------------------------------------------------------
==3002== Memcheck, a memory error detector
==3002== Copyright (C) 2002-2017, and GNU GPL'd, by Julian Seward et al.
==3002== Using Valgrind-3.13.0 and LibVEX; rerun with -h for copyright info
==3002== Command: /home/codio/workspace/hw3/hw3_tests/heap_tests/heap_tests --gtest_filter=HeapTest.ThreeElementPush_10_0_5
==3002== 
Running main() from /home/codio/googletest/googletest/src/gtest_main.cc
Note: Google Test filter = HeapTest.ThreeElementPush_10_0_5
[==========] Running 1 test from 1 test suite.
[----------] Global test environment set-up.
[----------] 1 test from HeapTest
[ RUN      ] HeapTest.ThreeElementPush_10_0_5
[       OK ] HeapTest.ThreeElementPush_10_0_5 (43 ms)
[----------] 1 test from HeapTest (55 ms total)

[----------] Global test environment tear-down
[==========] 1 test from 1 test suite ran. (122 ms total)
[  PASSED  ] 1 test.
==3002== 
==3002== HEAP SUMMARY:
==3002==     in use at exit: 0 bytes in 0 blocks
==3002==   total heap usage: 471 allocs, 471 frees, 135,821 bytes allocated
==3002== 
==3002== All heap blocks were freed -- no leaks are possible
==3002== 
==3002== For counts of detected and suppressed errors, rerun with: -v
==3002== ERROR SUMMARY: 0 errors from 0 contexts (suppressed: 0 from 0)
<end of output>
Test time =   1.68 sec
----------------------------------------------------------
Test Passed.
"HeapTest.ThreeElementPush_10_0_5" end time: Mar 12 18:51 UTC
"HeapTest.ThreeElementPush_10_0_5" time elapsed: 00:00:01
----------------------------------------------------------

17/25 Testing: HeapTest.ThreeElementPush_10_5_0
17/25 Test: HeapTest.ThreeElementPush_10_5_0
Command: "/usr/bin/valgrind" "--tool=memcheck" "--leak-check=yes" "--trace-children=no" "--error-exitcode=113" "/home/codio/workspace/hw3/hw3_tests/heap_tests/heap_tests" "--gtest_filter=HeapTest.ThreeElementPush_10_5_0"
Directory: /home/codio/workspace/hw3/hw3_tests/heap_tests
"HeapTest.ThreeElementPush_10_5_0" start time: Mar 12 18:51 UTC
Output:
----------------------------------------------------------
==3003== Memcheck, a memory error detector
==3003== Copyright (C) 2002-2017, and GNU GPL'd, by Julian Seward et al.
==3003== Using Valgrind-3.13.0 and LibVEX; rerun with -h for copyright info
==3003== Command: /home/codio/workspace/hw3/hw3_tests/heap_tests/heap_tests --gtest_filter=HeapTest.ThreeElementPush_10_5_0
==3003== 
Running main() from /home/codio/googletest/googletest/src/gtest_main.cc
Note: Google Test filter = HeapTest.ThreeElementPush_10_5_0
[==========] Running 1 test from 1 test suite.
[----------] Global test environment set-up.
[----------] 1 test from HeapTest
[ RUN      ] HeapTest.ThreeElementPush_10_5_0
[       OK ] HeapTest.ThreeElementPush_10_5_0 (35 ms)
[----------] 1 test from HeapTest (45 ms total)

[----------] Global test environment tear-down
[==========] 1 test from 1 test suite ran. (98 ms total)
[  PASSED  ] 1 test.
==3003== 
==3003== HEAP SUMMARY:
==3003==     in use at exit: 0 bytes in 0 blocks
==3003==   total heap usage: 471 allocs, 471 frees, 135,821 bytes allocated
==3003== 
==3003== All heap blocks were freed -- no leaks are possible
==3003== 
==3003== For counts of detected and suppressed errors, rerun with: -v
==3003== ERROR SUMMARY: 0 errors from 0 contexts (suppressed: 0 from 0)
<end of output>
Test time =   1.59 sec
----------------------------------------------------------
Test Passed.
"HeapTest.ThreeElementPush_10_5_0" end time: Mar 12 18:51 UTC
"HeapTest.ThreeElementPush_10_5_0" time elapsed: 00:00:01
----------------------------------------------------------

18/25 Testing: HeapTest.GreaterComparator
18/25 Test: HeapTest.GreaterComparator
Command: "/usr/bin/valgrind" "--tool=memcheck" "--leak-check=yes" "--trace-children=no" "--error-exitcode=113" "/home/codio/workspace/hw3/hw3_tests/heap_tests/heap_tests" "--gtest_filter=HeapTest.GreaterComparator"
Directory: /home/codio/workspace/hw3/hw3_tests/heap_tests
"HeapTest.GreaterComparator" start time: Mar 12 18:51 UTC
Output:
----------------------------------------------------------
==3004== Memcheck, a memory error detector
==3004== Copyright (C) 2002-2017, and GNU GPL'd, by Julian Seward et al.
==3004== Using Valgrind-3.13.0 and LibVEX; rerun with -h for copyright info
==3004== Command: /home/codio/workspace/hw3/hw3_tests/heap_tests/heap_tests --gtest_filter=HeapTest.GreaterComparator
==3004== 
Running main() from /home/codio/googletest/googletest/src/gtest_main.cc
Note: Google Test filter = HeapTest.GreaterComparator
[==========] Running 1 test from 1 test suite.
[----------] Global test environment set-up.
[----------] 1 test from HeapTest
[ RUN      ] HeapTest.GreaterComparator
[       OK ] HeapTest.GreaterComparator (36 ms)
[----------] 1 test from HeapTest (46 ms total)

[----------] Global test environment tear-down
[==========] 1 test from 1 test suite ran. (100 ms total)
[  PASSED  ] 1 test.
==3004== 
==3004== HEAP SUMMARY:
==3004==     in use at exit: 0 bytes in 0 blocks
==3004==   total heap usage: 471 allocs, 471 frees, 135,755 bytes allocated
==3004== 
==3004== All heap blocks were freed -- no leaks are possible
==3004== 
==3004== For counts of detected and suppressed errors, rerun with: -v
==3004== ERROR SUMMARY: 0 errors from 0 contexts (suppressed: 0 from 0)
<end of output>
Test time =   1.64 sec
----------------------------------------------------------
Test Passed.
"HeapTest.GreaterComparator" end time: Mar 12 18:51 UTC
"HeapTest.GreaterComparator" time elapsed: 00:00:01
----------------------------------------------------------

19/25 Testing: HeapTest.StringStorage
19/25 Test: HeapTest.StringStorage
Command: "/usr/bin/valgrind" "--tool=memcheck" "--leak-check=yes" "--trace-children=no" "--error-exitcode=113" "/home/codio/workspace/hw3/hw3_tests/heap_tests/heap_tests" "--gtest_filter=HeapTest.StringStorage"
Directory: /home/codio/workspace/hw3/hw3_tests/heap_tests
"HeapTest.StringStorage" start time: Mar 12 18:51 UTC
Output:
----------------------------------------------------------
==3005== Memcheck, a memory error detector
==3005== Copyright (C) 2002-2017, and GNU GPL'd, by Julian Seward et al.
==3005== Using Valgrind-3.13.0 and LibVEX; rerun with -h for copyright info
==3005== Command: /home/codio/workspace/hw3/hw3_tests/heap_tests/heap_tests --gtest_filter=HeapTest.StringStorage
==3005== 
Running main() from /home/codio/googletest/googletest/src/gtest_main.cc
Note: Google Test filter = HeapTest.StringStorage
[==========] Running 1 test from 1 test suite.
[----------] Global test environment set-up.
[----------] 1 test from HeapTest
[ RUN      ] HeapTest.StringStorage
[       OK ] HeapTest.StringStorage (35 ms)
[----------] 1 test from HeapTest (45 ms total)

[----------] Global test environment tear-down
[==========] 1 test from 1 test suite ran. (107 ms total)
[  PASSED  ] 1 test.
==3005== 
==3005== HEAP SUMMARY:
==3005==     in use at exit: 0 bytes in 0 blocks
==3005==   total heap usage: 471 allocs, 471 frees, 135,911 bytes allocated
==3005== 
==3005== All heap blocks were freed -- no leaks are possible
==3005== 
==3005== For counts of detected and suppressed errors, rerun with: -v
==3005== ERROR SUMMARY: 0 errors from 0 contexts (suppressed: 0 from 0)
<end of output>
Test time =   1.76 sec
----------------------------------------------------------
Test Passed.
"HeapTest.StringStorage" end time: Mar 12 18:51 UTC
"HeapTest.StringStorage" time elapsed: 00:00:01
----------------------------------------------------------

20/25 Testing: HeapTest.FiveElementPush_TrinaryHeap
20/25 Test: HeapTest.FiveElementPush_TrinaryHeap
Command: "/usr/bin/valgrind" "--tool=memcheck" "--leak-check=yes" "--trace-children=no" "--error-exitcode=113" "/home/codio/workspace/hw3/hw3_tests/heap_tests/heap_tests" "--gtest_filter=HeapTest.FiveElementPush_TrinaryHeap"
Directory: /home/codio/workspace/hw3/hw3_tests/heap_tests
"HeapTest.FiveElementPush_TrinaryHeap" start time: Mar 12 18:51 UTC
Output:
----------------------------------------------------------
==3006== Memcheck, a memory error detector
==3006== Copyright (C) 2002-2017, and GNU GPL'd, by Julian Seward et al.
==3006== Using Valgrind-3.13.0 and LibVEX; rerun with -h for copyright info
==3006== Command: /home/codio/workspace/hw3/hw3_tests/heap_tests/heap_tests --gtest_filter=HeapTest.FiveElementPush_TrinaryHeap
==3006== 
Running main() from /home/codio/googletest/googletest/src/gtest_main.cc
Note: Google Test filter = HeapTest.FiveElementPush_TrinaryHeap
[==========] Running 1 test from 1 test suite.
[----------] Global test environment set-up.
[----------] 1 test from HeapTest
[ RUN      ] HeapTest.FiveElementPush_TrinaryHeap
[       OK ] HeapTest.FiveElementPush_TrinaryHeap (38 ms)
[----------] 1 test from HeapTest (48 ms total)

[----------] Global test environment tear-down
[==========] 1 test from 1 test suite ran. (102 ms total)
[  PASSED  ] 1 test.
==3006== 
==3006== HEAP SUMMARY:
==3006==     in use at exit: 0 bytes in 0 blocks
==3006==   total heap usage: 472 allocs, 472 frees, 135,905 bytes allocated
==3006== 
==3006== All heap blocks were freed -- no leaks are possible
==3006== 
==3006== For counts of detected and suppressed errors, rerun with: -v
==3006== ERROR SUMMARY: 0 errors from 0 contexts (suppressed: 0 from 0)
<end of output>
Test time =   1.59 sec
----------------------------------------------------------
Test Passed.
"HeapTest.FiveElementPush_TrinaryHeap" end time: Mar 12 18:51 UTC
"HeapTest.FiveElementPush_TrinaryHeap" time elapsed: 00:00:01
----------------------------------------------------------

21/25 Testing: HeapTest.SixElementPush_QuaternaryHeap
21/25 Test: HeapTest.SixElementPush_QuaternaryHeap
Command: "/usr/bin/valgrind" "--tool=memcheck" "--leak-check=yes" "--trace-children=no" "--error-exitcode=113" "/home/codio/workspace/hw3/hw3_tests/heap_tests/heap_tests" "--gtest_filter=HeapTest.SixElementPush_QuaternaryHeap"
Directory: /home/codio/workspace/hw3/hw3_tests/heap_tests
"HeapTest.SixElementPush_QuaternaryHeap" start time: Mar 12 18:51 UTC
Output:
----------------------------------------------------------
==3007== Memcheck, a memory error detector
==3007== Copyright (C) 2002-2017, and GNU GPL'd, by Julian Seward et al.
==3007== Using Valgrind-3.13.0 and LibVEX; rerun with -h for copyright info
==3007== Command: /home/codio/workspace/hw3/hw3_tests/heap_tests/heap_tests --gtest_filter=HeapTest.SixElementPush_QuaternaryHeap
==3007== 
Running main() from /home/codio/googletest/googletest/src/gtest_main.cc
Note: Google Test filter = HeapTest.SixElementPush_QuaternaryHeap
[==========] Running 1 test from 1 test suite.
[----------] Global test environment set-up.
[----------] 1 test from HeapTest
[ RUN      ] HeapTest.SixElementPush_QuaternaryHeap
[       OK ] HeapTest.SixElementPush_QuaternaryHeap (40 ms)
[----------] 1 test from HeapTest (50 ms total)

[----------] Global test environment tear-down
[==========] 1 test from 1 test suite ran. (103 ms total)
[  PASSED  ] 1 test.
==3007== 
==3007== HEAP SUMMARY:
==3007==     in use at exit: 0 bytes in 0 blocks
==3007==   total heap usage: 472 allocs, 472 frees, 135,931 bytes allocated
==3007== 
==3007== All heap blocks were freed -- no leaks are possible
==3007== 
==3007== For counts of detected and suppressed errors, rerun with: -v
==3007== ERROR SUMMARY: 0 errors from 0 contexts (suppressed: 0 from 0)
<end of output>
Test time =   1.61 sec
----------------------------------------------------------
Test Passed.
"HeapTest.SixElementPush_QuaternaryHeap" end time: Mar 12 18:51 UTC
"HeapTest.SixElementPush_QuaternaryHeap" time elapsed: 00:00:01
----------------------------------------------------------

22/25 Testing: HeapStress.50x50RandomElements_BinaryHeap
22/25 Test: HeapStress.50x50RandomElements_BinaryHeap
Command: "/usr/bin/valgrind" "--tool=memcheck" "--leak-check=yes" "--trace-children=no" "--error-exitcode=113" "/home/codio/workspace/hw3/hw3_tests/heap_tests/heap_tests" "--gtest_filter=HeapStress.50x50RandomElements_BinaryHeap"
Directory: /home/codio/workspace/hw3/hw3_tests/heap_tests
"HeapStress.50x50RandomElements_BinaryHeap" start time: Mar 12 18:51 UTC
Output:
----------------------------------------------------------
==3008== Memcheck, a memory error detector
==3008== Copyright (C) 2002-2017, and GNU GPL'd, by Julian Seward et al.
==3008== Using Valgrind-3.13.0 and LibVEX; rerun with -h for copyright info
==3008== Command: /home/codio/workspace/hw3/hw3_tests/heap_tests/heap_tests --gtest_filter=HeapStress.50x50RandomElements_BinaryHeap
==3008== 
Running main() from /home/codio/googletest/googletest/src/gtest_main.cc
Note: Google Test filter = HeapStress.50x50RandomElements_BinaryHeap
[==========] Running 1 test from 1 test suite.
[----------] Global test environment set-up.
[----------] 1 test from HeapStress
[ RUN      ] HeapStress.50x50RandomElements_BinaryHeap
[       OK ] HeapStress.50x50RandomElements_BinaryHeap (225 ms)
[----------] 1 test from HeapStress (237 ms total)

[----------] Global test environment tear-down
[==========] 1 test from 1 test suite ran. (296 ms total)
[  PASSED  ] 1 test.
==3008== 
==3008== HEAP SUMMARY:
==3008==     in use at exit: 0 bytes in 0 blocks
==3008==   total heap usage: 969 allocs, 969 frees, 183,502 bytes allocated
==3008== 
==3008== All heap blocks were freed -- no leaks are possible
==3008== 
==3008== For counts of detected and suppressed errors, rerun with: -v
==3008== ERROR SUMMARY: 0 errors from 0 contexts (suppressed: 0 from 0)
<end of output>
Test time =   1.89 sec
----------------------------------------------------------
Test Passed.
"HeapStress.50x50RandomElements_BinaryHeap" end time: Mar 12 18:51 UTC
"HeapStress.50x50RandomElements_BinaryHeap" time elapsed: 00:00:01
----------------------------------------------------------

23/25 Testing: HeapStress.50x50RandomElements_QuaternaryHeap
23/25 Test: HeapStress.50x50RandomElements_QuaternaryHeap
Command: "/usr/bin/valgrind" "--tool=memcheck" "--leak-check=yes" "--trace-children=no" "--error-exitcode=113" "/home/codio/workspace/hw3/hw3_tests/heap_tests/heap_tests" "--gtest_filter=HeapStress.50x50RandomElements_QuaternaryHeap"
Directory: /home/codio/workspace/hw3/hw3_tests/heap_tests
"HeapStress.50x50RandomElements_QuaternaryHeap" start time: Mar 12 18:51 UTC
Output:
----------------------------------------------------------
==3009== Memcheck, a memory error detector
==3009== Copyright (C) 2002-2017, and GNU GPL'd, by Julian Seward et al.
==3009== Using Valgrind-3.13.0 and LibVEX; rerun with -h for copyright info
==3009== Command: /home/codio/workspace/hw3/hw3_tests/heap_tests/heap_tests --gtest_filter=HeapStress.50x50RandomElements_QuaternaryHeap
==3009== 
Running main() from /home/codio/googletest/googletest/src/gtest_main.cc
Note: Google Test filter = HeapStress.50x50RandomElements_QuaternaryHeap
[==========] Running 1 test from 1 test suite.
[----------] Global test environment set-up.
[----------] 1 test from HeapStress
[ RUN      ] HeapStress.50x50RandomElements_QuaternaryHeap
[       OK ] HeapStress.50x50RandomElements_QuaternaryHeap (204 ms)
[----------] 1 test from HeapStress (214 ms total)

[----------] Global test environment tear-down
[==========] 1 test from 1 test suite ran. (267 ms total)
[  PASSED  ] 1 test.
==3009== 
==3009== HEAP SUMMARY:
==3009==     in use at exit: 0 bytes in 0 blocks
==3009==   total heap usage: 969 allocs, 969 frees, 183,554 bytes allocated
==3009== 
==3009== All heap blocks were freed -- no leaks are possible
==3009== 
==3009== For counts of detected and suppressed errors, rerun with: -v
==3009== ERROR SUMMARY: 0 errors from 0 contexts (suppressed: 0 from 0)
<end of output>
Test time =   1.79 sec
----------------------------------------------------------
Test Passed.
"HeapStress.50x50RandomElements_QuaternaryHeap" end time: Mar 12 18:51 UTC
"HeapStress.50x50RandomElements_QuaternaryHeap" time elapsed: 00:00:01
----------------------------------------------------------

24/25 Testing: HeapStress.50x50RandomElements_DodecenaryHeap
24/25 Test: HeapStress.50x50RandomElements_DodecenaryHeap
Command: "/usr/bin/valgrind" "--tool=memcheck" "--leak-check=yes" "--trace-children=no" "--error-exitcode=113" "/home/codio/workspace/hw3/hw3_tests/heap_tests/heap_tests" "--gtest_filter=HeapStress.50x50RandomElements_DodecenaryHeap"
Directory: /home/codio/workspace/hw3/hw3_tests/heap_tests
"HeapStress.50x50RandomElements_DodecenaryHeap" start time: Mar 12 18:51 UTC
Output:
----------------------------------------------------------
==3010== Memcheck, a memory error detector
==3010== Copyright (C) 2002-2017, and GNU GPL'd, by Julian Seward et al.
==3010== Using Valgrind-3.13.0 and LibVEX; rerun with -h for copyright info
==3010== Command: /home/codio/workspace/hw3/hw3_tests/heap_tests/heap_tests --gtest_filter=HeapStress.50x50RandomElements_DodecenaryHeap
==3010== 
Running main() from /home/codio/googletest/googletest/src/gtest_main.cc
Note: Google Test filter = HeapStress.50x50RandomElements_DodecenaryHeap
[==========] Running 1 test from 1 test suite.
[----------] Global test environment set-up.
[----------] 1 test from HeapStress
[ RUN      ] HeapStress.50x50RandomElements_DodecenaryHeap
[       OK ] HeapStress.50x50RandomElements_DodecenaryHeap (210 ms)
[----------] 1 test from HeapStress (220 ms total)

[----------] Global test environment tear-down
[==========] 1 test from 1 test suite ran. (273 ms total)
[  PASSED  ] 1 test.
==3010== 
==3010== HEAP SUMMARY:
==3010==     in use at exit: 0 bytes in 0 blocks
==3010==   total heap usage: 969 allocs, 969 frees, 183,554 bytes allocated
==3010== 
==3010== All heap blocks were freed -- no leaks are possible
==3010== 
==3010== For counts of detected and suppressed errors, rerun with: -v
==3010== ERROR SUMMARY: 0 errors from 0 contexts (suppressed: 0 from 0)
<end of output>
Test time =   1.78 sec
----------------------------------------------------------
Test Passed.
"HeapStress.50x50RandomElements_DodecenaryHeap" end time: Mar 12 18:51 UTC
"HeapStress.50x50RandomElements_DodecenaryHeap" time elapsed: 00:00:01
----------------------------------------------------------

25/25 Testing: HeapStress.2x2000RandomElements_Binary
25/25 Test: HeapStress.2x2000RandomElements_Binary
Command: "/usr/bin/valgrind" "--tool=memcheck" "--leak-check=yes" "--trace-children=no" "--error-exitcode=113" "/home/codio/workspace/hw3/hw3_tests/heap_tests/heap_tests" "--gtest_filter=HeapStress.2x2000RandomElements_Binary"
Directory: /home/codio/workspace/hw3/hw3_tests/heap_tests
"HeapStress.2x2000RandomElements_Binary" start time: Mar 12 18:51 UTC
Output:
----------------------------------------------------------
==3011== Memcheck, a memory error detector
==3011== Copyright (C) 2002-2017, and GNU GPL'd, by Julian Seward et al.
==3011== Using Valgrind-3.13.0 and LibVEX; rerun with -h for copyright info
==3011== Command: /home/codio/workspace/hw3/hw3_tests/heap_tests/heap_tests --gtest_filter=HeapStress.2x2000RandomElements_Binary
==3011== 
Running main() from /home/codio/googletest/googletest/src/gtest_main.cc
Note: Google Test filter = HeapStress.2x2000RandomElements_Binary
[==========] Running 1 test from 1 test suite.
[----------] Global test environment set-up.
[----------] 1 test from HeapStress
[ RUN      ] HeapStress.2x2000RandomElements_Binary
[       OK ] HeapStress.2x2000RandomElements_Binary (285 ms)
[----------] 1 test from HeapStress (295 ms total)

[----------] Global test environment tear-down
[==========] 1 test from 1 test suite ran. (349 ms total)
[  PASSED  ] 1 test.
==3011== 
==3011== HEAP SUMMARY:
==3011==     in use at exit: 0 bytes in 0 blocks
==3011==   total heap usage: 499 allocs, 499 frees, 200,711 bytes allocated
==3011== 
==3011== All heap blocks were freed -- no leaks are possible
==3011== 
==3011== For counts of detected and suppressed errors, rerun with: -v
==3011== ERROR SUMMARY: 0 errors from 0 contexts (suppressed: 0 from 0)
<end of output>
Test time =   1.99 sec
----------------------------------------------------------
Test Passed.
"HeapStress.2x2000RandomElements_Binary" end time: Mar 12 18:51 UTC
"HeapStress.2x2000RandomElements_Binary" time elapsed: 00:00:01
----------------------------------------------------------

End testing: Mar 12 18:51 UTC
